This is pdfTeX, Version 3.1415926-2.5-1.40.14 (TeX Live 2013/Debian) (format=pdflatex 2014.9.23)  3 DEC 2014 04:31
entering extended mode
 restricted \write18 enabled.
 %&-line parsing enabled.
**\newcommand\inputincludepath{/home/pvnick/data_structures_and_algorithms/proj
ects/2/final/dist/project_2/}\input{/tmp/physical_deliverable_compiled.tex}
(/tmp/physical_deliverable_compiled.tex
(/usr/share/texlive/texmf-dist/tex/latex/base/article.cls
Document Class: article 2007/10/19 v1.4h Standard LaTeX document class
(/usr/share/texlive/texmf-dist/tex/latex/base/size10.clo
File: size10.clo 2007/10/19 v1.4h Standard LaTeX file (size option)
)
\c@part=\count79
\c@section=\count80
\c@subsection=\count81
\c@subsubsection=\count82
\c@paragraph=\count83
\c@subparagraph=\count84
\c@figure=\count85
\c@table=\count86
\abovecaptionskip=\skip41
\belowcaptionskip=\skip42
\bibindent=\dimen102
)
\@input{pandocheader.aux}
\openout2 = `pandocheader.aux'.

(./pandocheader.tex
(/usr/share/texlive/texmf-dist/tex/latex/geometry/geometry.sty
Package: geometry 2010/09/12 v5.6 Page Geometry

(/usr/share/texlive/texmf-dist/tex/latex/graphics/keyval.sty
Package: keyval 1999/03/16 v1.13 key=value parser (DPC)
\KV@toks@=\toks14
)
(/usr/share/texlive/texmf-dist/tex/generic/oberdiek/ifpdf.sty
Package: ifpdf 2011/01/30 v2.3 Provides the ifpdf switch (HO)
Package ifpdf Info: pdfTeX in PDF mode is detected.
)
(/usr/share/texlive/texmf-dist/tex/generic/oberdiek/ifvtex.sty
Package: ifvtex 2010/03/01 v1.5 Detect VTeX and its facilities (HO)
Package ifvtex Info: VTeX not detected.
)
(/usr/share/texlive/texmf-dist/tex/generic/ifxetex/ifxetex.sty
Package: ifxetex 2010/09/12 v0.6 Provides ifxetex conditional
)
\Gm@cnth=\count87
\Gm@cntv=\count88
\c@Gm@tempcnt=\count89
\Gm@bindingoffset=\dimen103
\Gm@wd@mp=\dimen104
\Gm@odd@mp=\dimen105
\Gm@even@mp=\dimen106
\Gm@layoutwidth=\dimen107
\Gm@layoutheight=\dimen108
\Gm@layouthoffset=\dimen109
\Gm@layoutvoffset=\dimen110
\Gm@dimlist=\toks15
)
(/usr/share/texlive/texmf-dist/tex/latex/titlesec/titlesec.sty
Package: titlesec 2011/12/15 v2.10.0 Sectioning titles
\ttl@box=\box26
\beforetitleunit=\skip43
\aftertitleunit=\skip44
\ttl@plus=\dimen111
\ttl@minus=\dimen112
\ttl@toksa=\toks16
\titlewidth=\dimen113
\titlewidthlast=\dimen114
\titlewidthfirst=\dimen115
)
(/usr/share/texlive/texmf-dist/tex/latex/pdfpages/pdfpages.sty
Package: pdfpages 2013/08/25 v0.4v Insert pages of external PDF documents (AM)

(/usr/share/texlive/texmf-dist/tex/latex/base/ifthen.sty
Package: ifthen 2001/05/26 v1.1c Standard LaTeX ifthen package (DPC)
)
(/usr/share/texlive/texmf-dist/tex/latex/tools/calc.sty
Package: calc 2007/08/22 v4.3 Infix arithmetic (KKT,FJ)
\calc@Acount=\count90
\calc@Bcount=\count91
\calc@Adimen=\dimen116
\calc@Bdimen=\dimen117
\calc@Askip=\skip45
\calc@Bskip=\skip46
LaTeX Info: Redefining \setlength on input line 76.
LaTeX Info: Redefining \addtolength on input line 77.
\calc@Ccount=\count92
\calc@Cskip=\skip47
)
(/usr/share/texlive/texmf-dist/tex/latex/eso-pic/eso-pic.sty
Package: eso-pic 2013/10/06 v2.0d eso-pic (RN)

(/usr/share/texlive/texmf-dist/tex/generic/oberdiek/atbegshi.sty
Package: atbegshi 2011/10/05 v1.16 At begin shipout hook (HO)

(/usr/share/texlive/texmf-dist/tex/generic/oberdiek/infwarerr.sty
Package: infwarerr 2010/04/08 v1.3 Providing info/warning/error messages (HO)
)
(/usr/share/texlive/texmf-dist/tex/generic/oberdiek/ltxcmds.sty
Package: ltxcmds 2011/11/09 v1.22 LaTeX kernel commands for general use (HO)
))
(/usr/share/texmf/tex/latex/xcolor/xcolor.sty
Package: xcolor 2007/01/21 v2.11 LaTeX color extensions (UK)

(/usr/share/texlive/texmf-dist/tex/latex/latexconfig/color.cfg
File: color.cfg 2007/01/18 v1.5 color configuration of teTeX/TeXLive
)
Package xcolor Info: Driver file: pdftex.def on input line 225.

(/usr/share/texlive/texmf-dist/tex/latex/pdftex-def/pdftex.def
File: pdftex.def 2011/05/27 v0.06d Graphics/color for pdfTeX
\Gread@gobject=\count93
)
Package xcolor Info: Model `cmy' substituted by `cmy0' on input line 1337.
Package xcolor Info: Model `hsb' substituted by `rgb' on input line 1341.
Package xcolor Info: Model `RGB' extended on input line 1353.
Package xcolor Info: Model `HTML' substituted by `rgb' on input line 1355.
Package xcolor Info: Model `Hsb' substituted by `hsb' on input line 1356.
Package xcolor Info: Model `tHsb' substituted by `hsb' on input line 1357.
Package xcolor Info: Model `HSB' substituted by `hsb' on input line 1358.
Package xcolor Info: Model `Gray' substituted by `gray' on input line 1359.
Package xcolor Info: Model `wave' substituted by `hsb' on input line 1360.
))
(/usr/share/texlive/texmf-dist/tex/latex/graphics/graphicx.sty
Package: graphicx 1999/02/16 v1.0f Enhanced LaTeX Graphics (DPC,SPQR)

(/usr/share/texlive/texmf-dist/tex/latex/graphics/graphics.sty
Package: graphics 2009/02/05 v1.0o Standard LaTeX Graphics (DPC,SPQR)

(/usr/share/texlive/texmf-dist/tex/latex/graphics/trig.sty
Package: trig 1999/03/16 v1.09 sin cos tan (DPC)
)
(/usr/share/texlive/texmf-dist/tex/latex/latexconfig/graphics.cfg
File: graphics.cfg 2010/04/23 v1.9 graphics configuration of TeX Live
)
Package graphics Info: Driver file: pdftex.def on input line 91.
)
\Gin@req@height=\dimen118
\Gin@req@width=\dimen119
)
(/usr/share/texlive/texmf-dist/tex/latex/pdfpages/pppdftex.def
File: pppdftex.def 2013/08/25 v0.4v Pdfpages driver for pdfTeX (AM)
)
\AM@pagebox=\box27
\AM@toc@title=\toks17
\c@AM@survey=\count94
\AM@templatesizebox=\box28
)
(/usr/share/texlive/texmf-dist/tex/latex/oberdiek/listingsutf8.sty
Package: listingsutf8 2011/11/10 v1.2 Allow UTF-8 in listings input (HO)

(/usr/share/texlive/texmf-dist/tex/latex/listings/listings.sty
\lst@mode=\count95
\lst@gtempboxa=\box29
\lst@token=\toks18
\lst@length=\count96
\lst@currlwidth=\dimen120
\lst@column=\count97
\lst@pos=\count98
\lst@lostspace=\dimen121
\lst@width=\dimen122
\lst@newlines=\count99
\lst@lineno=\count100
\lst@maxwidth=\dimen123

(/usr/share/texlive/texmf-dist/tex/latex/listings/lstmisc.sty
File: lstmisc.sty 2013/08/26 1.5b (Carsten Heinz)
\c@lstnumber=\count101
\lst@skipnumbers=\count102
\lst@framebox=\box30
)
(/usr/share/texlive/texmf-dist/tex/latex/listings/listings.cfg
File: listings.cfg 2013/08/26 1.5b listings configuration
))
Package: listings 2013/08/26 1.5b (Carsten Heinz)

(/usr/share/texlive/texmf-dist/tex/generic/oberdiek/pdftexcmds.sty
Package: pdftexcmds 2011/11/29 v0.20 Utility functions of pdfTeX for LuaTeX (HO
)

(/usr/share/texlive/texmf-dist/tex/generic/oberdiek/ifluatex.sty
Package: ifluatex 2010/03/01 v1.3 Provides the ifluatex switch (HO)
Package ifluatex Info: LuaTeX not detected.
)
Package pdftexcmds Info: LuaTeX not detected.
Package pdftexcmds Info: \pdf@primitive is available.
Package pdftexcmds Info: \pdf@ifprimitive is available.
Package pdftexcmds Info: \pdfdraftmode found.
)
(/usr/share/texlive/texmf-dist/tex/generic/oberdiek/stringenc.sty
Package: stringenc 2011/12/02 v1.10 Convert strings between diff. encodings (HO
)

(/usr/share/texlive/texmf-dist/tex/generic/oberdiek/pdfescape.sty
Package: pdfescape 2011/11/25 v1.13 Implements pdfTeX's escape features (HO)
)))
(/usr/share/texlive/texmf-dist/tex/latex/tools/verbatim.sty
Package: verbatim 2003/08/22 v1.5q LaTeX2e package for verbatim enhancements
\every@verbatim=\toks19
\verbatim@line=\toks20
\verbatim@in@stream=\read1
)
(/usr/share/texlive/texmf-dist/tex/latex/caption/caption.sty
Package: caption 2013/05/02 v3.3-89 Customizing captions (AR)

(/usr/share/texlive/texmf-dist/tex/latex/caption/caption3.sty
Package: caption3 2013/05/02 v1.6-88 caption3 kernel (AR)
Package caption3 Info: TeX engine: e-TeX on input line 57.
\captionmargin=\dimen124
\captionmargin@=\dimen125
\captionwidth=\dimen126
\caption@tempdima=\dimen127
\caption@indent=\dimen128
\caption@parindent=\dimen129
\caption@hangindent=\dimen130
)
\c@ContinuedFloat=\count103
Package caption Info: listings package is loaded.
)
(/usr/share/texlive/texmf-dist/tex/latex/listings/lstlang1.sty
File: lstlang1.sty 2013/08/26 1.5b listings language file
)
(/usr/share/texlive/texmf-dist/tex/latex/listings/lstlang1.sty
File: lstlang1.sty 2013/08/26 1.5b listings language file
)
(/usr/share/texlive/texmf-dist/tex/latex/listings/lstmisc.sty
File: lstmisc.sty 2013/08/26 1.5b (Carsten Heinz)
))
(./physical_deliverable_compiled.aux)
\openout1 = `physical_deliverable_compiled.aux'.

LaTeX Font Info:    Checking defaults for OML/cmm/m/it on input line 3.
LaTeX Font Info:    ... okay on input line 3.
LaTeX Font Info:    Checking defaults for T1/cmr/m/n on input line 3.
LaTeX Font Info:    ... okay on input line 3.
LaTeX Font Info:    Checking defaults for OT1/cmr/m/n on input line 3.
LaTeX Font Info:    ... okay on input line 3.
LaTeX Font Info:    Checking defaults for OMS/cmsy/m/n on input line 3.
LaTeX Font Info:    ... okay on input line 3.
LaTeX Font Info:    Checking defaults for OMX/cmex/m/n on input line 3.
LaTeX Font Info:    ... okay on input line 3.
LaTeX Font Info:    Checking defaults for U/cmr/m/n on input line 3.
LaTeX Font Info:    ... okay on input line 3.

*geometry* driver: auto-detecting
*geometry* detected driver: pdftex
*geometry* verbose mode - [ preamble ] result:
* driver: pdftex
* paper: letterpaper
* layout: <same size as paper>
* layoutoffset:(h,v)=(0.0pt,0.0pt)
* modes: 
* h-part:(L,W,R)=(108.405pt, 397.485pt, 108.405pt)
* v-part:(T,H,B)=(108.405pt, 578.15999pt, 108.405pt)
* \paperwidth=614.295pt
* \paperheight=794.96999pt
* \textwidth=397.485pt
* \textheight=578.15999pt
* \oddsidemargin=36.13501pt
* \evensidemargin=36.13501pt
* \topmargin=-0.86499pt
* \headheight=12.0pt
* \headsep=25.0pt
* \topskip=10.0pt
* \footskip=30.0pt
* \marginparwidth=65.0pt
* \marginparsep=11.0pt
* \columnsep=10.0pt
* \skip\footins=9.0pt plus 4.0pt minus 2.0pt
* \hoffset=0.0pt
* \voffset=0.0pt
* \mag=1000
* \@twocolumnfalse
* \@twosidefalse
* \@mparswitchfalse
* \@reversemarginfalse
* (1in=72.27pt=25.4mm, 1cm=28.453pt)

\AtBeginShipoutBox=\box31
(/usr/share/texlive/texmf-dist/tex/context/base/supp-pdf.mkii
[Loading MPS to PDF converter (version 2006.09.02).]
\scratchcounter=\count104
\scratchdimen=\dimen131
\scratchbox=\box32
\nofMPsegments=\count105
\nofMParguments=\count106
\everyMPshowfont=\toks21
\MPscratchCnt=\count107
\MPscratchDim=\dimen132
\MPnumerator=\count108
\makeMPintoPDFobject=\count109
\everyMPtoPDFconversion=\toks22
) (/usr/share/texlive/texmf-dist/tex/latex/oberdiek/epstopdf-base.sty
Package: epstopdf-base 2010/02/09 v2.5 Base part for package epstopdf

(/usr/share/texlive/texmf-dist/tex/latex/oberdiek/grfext.sty
Package: grfext 2010/08/19 v1.1 Manage graphics extensions (HO)

(/usr/share/texlive/texmf-dist/tex/generic/oberdiek/kvdefinekeys.sty
Package: kvdefinekeys 2011/04/07 v1.3 Define keys (HO)
))
(/usr/share/texlive/texmf-dist/tex/latex/oberdiek/kvoptions.sty
Package: kvoptions 2011/06/30 v3.11 Key value format for package options (HO)

(/usr/share/texlive/texmf-dist/tex/generic/oberdiek/kvsetkeys.sty
Package: kvsetkeys 2012/04/25 v1.16 Key value parser (HO)

(/usr/share/texlive/texmf-dist/tex/generic/oberdiek/etexcmds.sty
Package: etexcmds 2011/02/16 v1.5 Avoid name clashes with e-TeX commands (HO)
Package etexcmds Info: Could not find \expanded.
(etexcmds)             That can mean that you are not using pdfTeX 1.50 or
(etexcmds)             that some package has redefined \expanded.
(etexcmds)             In the latter case, load this package earlier.
)))
Package grfext Info: Graphics extension search list:
(grfext)             [.png,.pdf,.jpg,.mps,.jpeg,.jbig2,.jb2,.PNG,.PDF,.JPG,.JPE
G,.JBIG2,.JB2,.eps]
(grfext)             \AppendGraphicsExtensions on input line 452.

(/usr/share/texlive/texmf-dist/tex/latex/latexconfig/epstopdf-sys.cfg
File: epstopdf-sys.cfg 2010/07/13 v1.3 Configuration of (r)epstopdf for TeX Liv
e
))
\c@lstlisting=\count110

(/usr/share/texlive/texmf-dist/tex/latex/base/inputenc.sty
Package: inputenc 2008/03/30 v1.1d Input encoding file
\inpenc@prehook=\toks23
\inpenc@posthook=\toks24
)
Package caption Info: Begin \AtBeginDocument code.
Package caption Info: End \AtBeginDocument code.

</home/pvnick/data_structures_and_algorithms/projects/2/final/dist/project_2//l
earning.pdf, id=1, 614.295pt x 794.97pt>
File: /home/pvnick/data_structures_and_algorithms/projects/2/final/dist/project
_2//learning.pdf Graphic file (type pdf)

<use /home/pvnick/data_structures_and_algorithms/projects/2/final/dist/project_
2//learning.pdf>
Package pdftex.def Info: /home/pvnick/data_structures_and_algorithms/projects/2
/final/dist/project_2//learning.pdf used on input line 5.
(pdftex.def)             Requested size: 614.29349pt x 794.96806pt.
File: /home/pvnick/data_structures_and_algorithms/projects/2/final/dist/project
_2//learning.pdf Graphic file (type pdf)

<use /home/pvnick/data_structures_and_algorithms/projects/2/final/dist/project_
2//learning.pdf>
Package pdftex.def Info: /home/pvnick/data_structures_and_algorithms/projects/2
/final/dist/project_2//learning.pdf used on input line 5.
(pdftex.def)             Requested size: 614.29349pt x 794.96806pt.

</home/pvnick/data_structures_and_algorithms/projects/2/final/dist/project_2//l
earning.pdf, id=4, page=1, 614.295pt x 794.97pt>
File: /home/pvnick/data_structures_and_algorithms/projects/2/final/dist/project
_2//learning.pdf Graphic file (type pdf)

<use /home/pvnick/data_structures_and_algorithms/projects/2/final/dist/project_
2//learning.pdf, page 1>
Package pdftex.def Info: /home/pvnick/data_structures_and_algorithms/projects/2
/final/dist/project_2//learning.pdf, page1 used on input line 5.
(pdftex.def)             Requested size: 614.29349pt x 794.96806pt.
File: /home/pvnick/data_structures_and_algorithms/projects/2/final/dist/project
_2//learning.pdf Graphic file (type pdf)

<use /home/pvnick/data_structures_and_algorithms/projects/2/final/dist/project_
2//learning.pdf, page 1>
Package pdftex.def Info: /home/pvnick/data_structures_and_algorithms/projects/2
/final/dist/project_2//learning.pdf, page1 used on input line 5.
(pdftex.def)             Requested size: 614.58406pt x 795.3441pt.
File: /home/pvnick/data_structures_and_algorithms/projects/2/final/dist/project
_2//learning.pdf Graphic file (type pdf)

<use /home/pvnick/data_structures_and_algorithms/projects/2/final/dist/project_
2//learning.pdf, page 1>
Package pdftex.def Info: /home/pvnick/data_structures_and_algorithms/projects/2
/final/dist/project_2//learning.pdf, page1 used on input line 5.
(pdftex.def)             Requested size: 614.58406pt x 795.3441pt.
File: /home/pvnick/data_structures_and_algorithms/projects/2/final/dist/project
_2//learning.pdf Graphic file (type pdf)

<use /home/pvnick/data_structures_and_algorithms/projects/2/final/dist/project_
2//learning.pdf, page 1>
Package pdftex.def Info: /home/pvnick/data_structures_and_algorithms/projects/2
/final/dist/project_2//learning.pdf, page1 used on input line 5.
(pdftex.def)             Requested size: 614.58406pt x 795.3441pt.
File: /home/pvnick/data_structures_and_algorithms/projects/2/final/dist/project
_2//learning.pdf Graphic file (type pdf)

<use /home/pvnick/data_structures_and_algorithms/projects/2/final/dist/project_
2//learning.pdf, page 1>
Package pdftex.def Info: /home/pvnick/data_structures_and_algorithms/projects/2
/final/dist/project_2//learning.pdf, page1 used on input line 5.
(pdftex.def)             Requested size: 614.58406pt x 795.3441pt.
 [1



 </home/pvnick/data_structures_and_algorithms/projects/2/final/dist/project_2//
learning.pdf{/var/lib/texmf/fonts/map/pdftex/updmap/pdftex.map}>]
</home/pvnick/data_structures_and_algorithms/projects/2/final/dist/project_2//l
earning.pdf, id=21, page=2, 614.295pt x 794.97pt>
File: /home/pvnick/data_structures_and_algorithms/projects/2/final/dist/project
_2//learning.pdf Graphic file (type pdf)

<use /home/pvnick/data_structures_and_algorithms/projects/2/final/dist/project_
2//learning.pdf, page 2>
Package pdftex.def Info: /home/pvnick/data_structures_and_algorithms/projects/2
/final/dist/project_2//learning.pdf, page2 used on input line 5.
(pdftex.def)             Requested size: 614.58406pt x 795.3441pt.
File: /home/pvnick/data_structures_and_algorithms/projects/2/final/dist/project
_2//learning.pdf Graphic file (type pdf)

<use /home/pvnick/data_structures_and_algorithms/projects/2/final/dist/project_
2//learning.pdf, page 2>
Package pdftex.def Info: /home/pvnick/data_structures_and_algorithms/projects/2
/final/dist/project_2//learning.pdf, page2 used on input line 5.
(pdftex.def)             Requested size: 614.58406pt x 795.3441pt.
File: /home/pvnick/data_structures_and_algorithms/projects/2/final/dist/project
_2//learning.pdf Graphic file (type pdf)

<use /home/pvnick/data_structures_and_algorithms/projects/2/final/dist/project_
2//learning.pdf, page 2>
Package pdftex.def Info: /home/pvnick/data_structures_and_algorithms/projects/2
/final/dist/project_2//learning.pdf, page2 used on input line 5.
(pdftex.def)             Requested size: 614.58406pt x 795.3441pt.
 [2 </home/pvnick/data_structures_and_algorithms/projects/2/final/dist/project_
2//learning.pdf>]
</home/pvnick/data_structures_and_algorithms/projects/2/final/dist/project_2//l
earning.pdf, id=28, page=3, 614.295pt x 794.97pt>
File: /home/pvnick/data_structures_and_algorithms/projects/2/final/dist/project
_2//learning.pdf Graphic file (type pdf)

<use /home/pvnick/data_structures_and_algorithms/projects/2/final/dist/project_
2//learning.pdf, page 3>
Package pdftex.def Info: /home/pvnick/data_structures_and_algorithms/projects/2
/final/dist/project_2//learning.pdf, page3 used on input line 5.
(pdftex.def)             Requested size: 614.58406pt x 795.3441pt.
File: /home/pvnick/data_structures_and_algorithms/projects/2/final/dist/project
_2//learning.pdf Graphic file (type pdf)

<use /home/pvnick/data_structures_and_algorithms/projects/2/final/dist/project_
2//learning.pdf, page 3>
Package pdftex.def Info: /home/pvnick/data_structures_and_algorithms/projects/2
/final/dist/project_2//learning.pdf, page3 used on input line 5.
(pdftex.def)             Requested size: 614.58406pt x 795.3441pt.
File: /home/pvnick/data_structures_and_algorithms/projects/2/final/dist/project
_2//learning.pdf Graphic file (type pdf)

<use /home/pvnick/data_structures_and_algorithms/projects/2/final/dist/project_
2//learning.pdf, page 3>
Package pdftex.def Info: /home/pvnick/data_structures_and_algorithms/projects/2
/final/dist/project_2//learning.pdf, page3 used on input line 5.
(pdftex.def)             Requested size: 614.58406pt x 795.3441pt.
 [3 </home/pvnick/data_structures_and_algorithms/projects/2/final/dist/project_
2//learning.pdf>] [4

]
</home/pvnick/data_structures_and_algorithms/projects/2/final/dist/project_2//p
art1/part1.pdf, id=37, 614.295pt x 794.97pt>
File: /home/pvnick/data_structures_and_algorithms/projects/2/final/dist/project
_2//part1/part1.pdf Graphic file (type pdf)

<use /home/pvnick/data_structures_and_algorithms/projects/2/final/dist/project_
2//part1/part1.pdf>
Package pdftex.def Info: /home/pvnick/data_structures_and_algorithms/projects/2
/final/dist/project_2//part1/part1.pdf used on input line 8.
(pdftex.def)             Requested size: 614.29349pt x 794.96806pt.
File: /home/pvnick/data_structures_and_algorithms/projects/2/final/dist/project
_2//part1/part1.pdf Graphic file (type pdf)

<use /home/pvnick/data_structures_and_algorithms/projects/2/final/dist/project_
2//part1/part1.pdf>
Package pdftex.def Info: /home/pvnick/data_structures_and_algorithms/projects/2
/final/dist/project_2//part1/part1.pdf used on input line 8.
(pdftex.def)             Requested size: 614.29349pt x 794.96806pt.

</home/pvnick/data_structures_and_algorithms/projects/2/final/dist/project_2//p
art1/part1.pdf, id=40, page=1, 614.295pt x 794.97pt>
File: /home/pvnick/data_structures_and_algorithms/projects/2/final/dist/project
_2//part1/part1.pdf Graphic file (type pdf)

<use /home/pvnick/data_structures_and_algorithms/projects/2/final/dist/project_
2//part1/part1.pdf, page 1>
Package pdftex.def Info: /home/pvnick/data_structures_and_algorithms/projects/2
/final/dist/project_2//part1/part1.pdf, page1 used on input line 8.
(pdftex.def)             Requested size: 614.29349pt x 794.96806pt.
File: /home/pvnick/data_structures_and_algorithms/projects/2/final/dist/project
_2//part1/part1.pdf Graphic file (type pdf)

<use /home/pvnick/data_structures_and_algorithms/projects/2/final/dist/project_
2//part1/part1.pdf, page 1>
Package pdftex.def Info: /home/pvnick/data_structures_and_algorithms/projects/2
/final/dist/project_2//part1/part1.pdf, page1 used on input line 8.
(pdftex.def)             Requested size: 614.58406pt x 795.3441pt.
File: /home/pvnick/data_structures_and_algorithms/projects/2/final/dist/project
_2//part1/part1.pdf Graphic file (type pdf)

<use /home/pvnick/data_structures_and_algorithms/projects/2/final/dist/project_
2//part1/part1.pdf, page 1>
Package pdftex.def Info: /home/pvnick/data_structures_and_algorithms/projects/2
/final/dist/project_2//part1/part1.pdf, page1 used on input line 8.
(pdftex.def)             Requested size: 614.58406pt x 795.3441pt.
File: /home/pvnick/data_structures_and_algorithms/projects/2/final/dist/project
_2//part1/part1.pdf Graphic file (type pdf)

<use /home/pvnick/data_structures_and_algorithms/projects/2/final/dist/project_
2//part1/part1.pdf, page 1>
Package pdftex.def Info: /home/pvnick/data_structures_and_algorithms/projects/2
/final/dist/project_2//part1/part1.pdf, page1 used on input line 8.
(pdftex.def)             Requested size: 614.58406pt x 795.3441pt.
File: /home/pvnick/data_structures_and_algorithms/projects/2/final/dist/project
_2//part1/part1.pdf Graphic file (type pdf)

<use /home/pvnick/data_structures_and_algorithms/projects/2/final/dist/project_
2//part1/part1.pdf, page 1>
Package pdftex.def Info: /home/pvnick/data_structures_and_algorithms/projects/2
/final/dist/project_2//part1/part1.pdf, page1 used on input line 8.
(pdftex.def)             Requested size: 614.58406pt x 795.3441pt.
 [5

 </home/pvnick/data_structures_and_algorithms/projects/2/final/dist/project_2//
part1/part1.pdf>]
File: /home/pvnick/data_structures_and_algorithms/projects/2/final/dist/project
_2//part1/checklist.txt  (verbatim)
 [6] [7]
(/home/pvnick/data_structures_and_algorithms/projects/2/final/dist/project_2//c
ommon/common.h [8

] [9] [10] [11] [12] [13] [14]) [15]
(/home/pvnick/data_structures_and_algorithms/projects/2/final/dist/project_2//c
ommon/priority_queue.h [16

]) [17]
(/home/pvnick/data_structures_and_algorithms/projects/2/final/dist/project_2//p
art1/source/open_addressing_map.h [18

] [19] [20]) [21] [22


]
</home/pvnick/data_structures_and_algorithms/projects/2/final/dist/project_2//p
art2/part2.pdf, id=118, 614.295pt x 794.97pt>
File: /home/pvnick/data_structures_and_algorithms/projects/2/final/dist/project
_2//part2/part2.pdf Graphic file (type pdf)

<use /home/pvnick/data_structures_and_algorithms/projects/2/final/dist/project_
2//part2/part2.pdf>
Package pdftex.def Info: /home/pvnick/data_structures_and_algorithms/projects/2
/final/dist/project_2//part2/part2.pdf used on input line 15.
(pdftex.def)             Requested size: 614.29349pt x 794.96806pt.
File: /home/pvnick/data_structures_and_algorithms/projects/2/final/dist/project
_2//part2/part2.pdf Graphic file (type pdf)

<use /home/pvnick/data_structures_and_algorithms/projects/2/final/dist/project_
2//part2/part2.pdf>
Package pdftex.def Info: /home/pvnick/data_structures_and_algorithms/projects/2
/final/dist/project_2//part2/part2.pdf used on input line 15.
(pdftex.def)             Requested size: 614.29349pt x 794.96806pt.

</home/pvnick/data_structures_and_algorithms/projects/2/final/dist/project_2//p
art2/part2.pdf, id=121, page=1, 614.295pt x 794.97pt>
File: /home/pvnick/data_structures_and_algorithms/projects/2/final/dist/project
_2//part2/part2.pdf Graphic file (type pdf)

<use /home/pvnick/data_structures_and_algorithms/projects/2/final/dist/project_
2//part2/part2.pdf, page 1>
Package pdftex.def Info: /home/pvnick/data_structures_and_algorithms/projects/2
/final/dist/project_2//part2/part2.pdf, page1 used on input line 15.
(pdftex.def)             Requested size: 614.29349pt x 794.96806pt.
File: /home/pvnick/data_structures_and_algorithms/projects/2/final/dist/project
_2//part2/part2.pdf Graphic file (type pdf)

<use /home/pvnick/data_structures_and_algorithms/projects/2/final/dist/project_
2//part2/part2.pdf, page 1>
Package pdftex.def Info: /home/pvnick/data_structures_and_algorithms/projects/2
/final/dist/project_2//part2/part2.pdf, page1 used on input line 15.
(pdftex.def)             Requested size: 614.58406pt x 795.3441pt.
File: /home/pvnick/data_structures_and_algorithms/projects/2/final/dist/project
_2//part2/part2.pdf Graphic file (type pdf)

<use /home/pvnick/data_structures_and_algorithms/projects/2/final/dist/project_
2//part2/part2.pdf, page 1>
Package pdftex.def Info: /home/pvnick/data_structures_and_algorithms/projects/2
/final/dist/project_2//part2/part2.pdf, page1 used on input line 15.
(pdftex.def)             Requested size: 614.58406pt x 795.3441pt.
File: /home/pvnick/data_structures_and_algorithms/projects/2/final/dist/project
_2//part2/part2.pdf Graphic file (type pdf)

<use /home/pvnick/data_structures_and_algorithms/projects/2/final/dist/project_
2//part2/part2.pdf, page 1>
Package pdftex.def Info: /home/pvnick/data_structures_and_algorithms/projects/2
/final/dist/project_2//part2/part2.pdf, page1 used on input line 15.
(pdftex.def)             Requested size: 614.58406pt x 795.3441pt.
File: /home/pvnick/data_structures_and_algorithms/projects/2/final/dist/project
_2//part2/part2.pdf Graphic file (type pdf)

<use /home/pvnick/data_structures_and_algorithms/projects/2/final/dist/project_
2//part2/part2.pdf, page 1>
Package pdftex.def Info: /home/pvnick/data_structures_and_algorithms/projects/2
/final/dist/project_2//part2/part2.pdf, page1 used on input line 15.
(pdftex.def)             Requested size: 614.58406pt x 795.3441pt.
 [23

 </home/pvnick/data_structures_and_algorithms/projects/2/final/dist/project_2//
part2/part2.pdf>]
File: /home/pvnick/data_structures_and_algorithms/projects/2/final/dist/project
_2//part2/checklist.txt  (verbatim)
 [24] [25]
(/home/pvnick/data_structures_and_algorithms/projects/2/final/dist/project_2//c
ommon/common.h [26

] [27] [28] [29] [30] [31] [32]) [33]
(/home/pvnick/data_structures_and_algorithms/projects/2/final/dist/project_2//c
ommon/priority_queue.h [34

]) [35]
(/home/pvnick/data_structures_and_algorithms/projects/2/final/dist/project_2//p
art2/source/buckets_map.h [36

] [37] [38] [39]) [40] [41


]
</home/pvnick/data_structures_and_algorithms/projects/2/final/dist/project_2//p
art3/open_addressing/part3open.pdf, id=196, 614.295pt x 794.97pt>
File: /home/pvnick/data_structures_and_algorithms/projects/2/final/dist/project
_2//part3/open_addressing/part3open.pdf Graphic file (type pdf)

<use /home/pvnick/data_structures_and_algorithms/projects/2/final/dist/project_
2//part3/open_addressing/part3open.pdf>
Package pdftex.def Info: /home/pvnick/data_structures_and_algorithms/projects/2
/final/dist/project_2//part3/open_addressing/part3open.pdf used on input line 2
2.
(pdftex.def)             Requested size: 614.29349pt x 794.96806pt.
File: /home/pvnick/data_structures_and_algorithms/projects/2/final/dist/project
_2//part3/open_addressing/part3open.pdf Graphic file (type pdf)

<use /home/pvnick/data_structures_and_algorithms/projects/2/final/dist/project_
2//part3/open_addressing/part3open.pdf>
Package pdftex.def Info: /home/pvnick/data_structures_and_algorithms/projects/2
/final/dist/project_2//part3/open_addressing/part3open.pdf used on input line 2
2.
(pdftex.def)             Requested size: 614.29349pt x 794.96806pt.

</home/pvnick/data_structures_and_algorithms/projects/2/final/dist/project_2//p
art3/open_addressing/part3open.pdf, id=199, page=1, 614.295pt x 794.97pt>
File: /home/pvnick/data_structures_and_algorithms/projects/2/final/dist/project
_2//part3/open_addressing/part3open.pdf Graphic file (type pdf)

<use /home/pvnick/data_structures_and_algorithms/projects/2/final/dist/project_
2//part3/open_addressing/part3open.pdf, page 1>
Package pdftex.def Info: /home/pvnick/data_structures_and_algorithms/projects/2
/final/dist/project_2//part3/open_addressing/part3open.pdf, page1 used on input
 line 22.
(pdftex.def)             Requested size: 614.29349pt x 794.96806pt.
File: /home/pvnick/data_structures_and_algorithms/projects/2/final/dist/project
_2//part3/open_addressing/part3open.pdf Graphic file (type pdf)

<use /home/pvnick/data_structures_and_algorithms/projects/2/final/dist/project_
2//part3/open_addressing/part3open.pdf, page 1>
Package pdftex.def Info: /home/pvnick/data_structures_and_algorithms/projects/2
/final/dist/project_2//part3/open_addressing/part3open.pdf, page1 used on input
 line 22.
(pdftex.def)             Requested size: 614.58406pt x 795.3441pt.
File: /home/pvnick/data_structures_and_algorithms/projects/2/final/dist/project
_2//part3/open_addressing/part3open.pdf Graphic file (type pdf)

<use /home/pvnick/data_structures_and_algorithms/projects/2/final/dist/project_
2//part3/open_addressing/part3open.pdf, page 1>
Package pdftex.def Info: /home/pvnick/data_structures_and_algorithms/projects/2
/final/dist/project_2//part3/open_addressing/part3open.pdf, page1 used on input
 line 22.
(pdftex.def)             Requested size: 614.58406pt x 795.3441pt.
File: /home/pvnick/data_structures_and_algorithms/projects/2/final/dist/project
_2//part3/open_addressing/part3open.pdf Graphic file (type pdf)

<use /home/pvnick/data_structures_and_algorithms/projects/2/final/dist/project_
2//part3/open_addressing/part3open.pdf, page 1>
Package pdftex.def Info: /home/pvnick/data_structures_and_algorithms/projects/2
/final/dist/project_2//part3/open_addressing/part3open.pdf, page1 used on input
 line 22.
(pdftex.def)             Requested size: 614.58406pt x 795.3441pt.
File: /home/pvnick/data_structures_and_algorithms/projects/2/final/dist/project
_2//part3/open_addressing/part3open.pdf Graphic file (type pdf)

<use /home/pvnick/data_structures_and_algorithms/projects/2/final/dist/project_
2//part3/open_addressing/part3open.pdf, page 1>
Package pdftex.def Info: /home/pvnick/data_structures_and_algorithms/projects/2
/final/dist/project_2//part3/open_addressing/part3open.pdf, page1 used on input
 line 22.
(pdftex.def)             Requested size: 614.58406pt x 795.3441pt.
 [42

 </home/pvnick/data_structures_and_algorithms/projects/2/final/dist/project_2//
part3/open_addressing/part3open.pdf>]
</home/pvnick/data_structures_and_algorithms/projects/2/final/dist/project_2//p
art3/open_addressing/part3open.pdf, id=219, page=2, 614.295pt x 794.97pt>
File: /home/pvnick/data_structures_and_algorithms/projects/2/final/dist/project
_2//part3/open_addressing/part3open.pdf Graphic file (type pdf)

<use /home/pvnick/data_structures_and_algorithms/projects/2/final/dist/project_
2//part3/open_addressing/part3open.pdf, page 2>
Package pdftex.def Info: /home/pvnick/data_structures_and_algorithms/projects/2
/final/dist/project_2//part3/open_addressing/part3open.pdf, page2 used on input
 line 22.
(pdftex.def)             Requested size: 614.58406pt x 795.3441pt.
File: /home/pvnick/data_structures_and_algorithms/projects/2/final/dist/project
_2//part3/open_addressing/part3open.pdf Graphic file (type pdf)

<use /home/pvnick/data_structures_and_algorithms/projects/2/final/dist/project_
2//part3/open_addressing/part3open.pdf, page 2>
Package pdftex.def Info: /home/pvnick/data_structures_and_algorithms/projects/2
/final/dist/project_2//part3/open_addressing/part3open.pdf, page2 used on input
 line 22.
(pdftex.def)             Requested size: 614.58406pt x 795.3441pt.
File: /home/pvnick/data_structures_and_algorithms/projects/2/final/dist/project
_2//part3/open_addressing/part3open.pdf Graphic file (type pdf)

<use /home/pvnick/data_structures_and_algorithms/projects/2/final/dist/project_
2//part3/open_addressing/part3open.pdf, page 2>
Package pdftex.def Info: /home/pvnick/data_structures_and_algorithms/projects/2
/final/dist/project_2//part3/open_addressing/part3open.pdf, page2 used on input
 line 22.
(pdftex.def)             Requested size: 614.58406pt x 795.3441pt.
 [43 </home/pvnick/data_structures_and_algorithms/projects/2/final/dist/project
_2//part3/open_addressing/part3open.pdf>]
File: /home/pvnick/data_structures_and_algorithms/projects/2/final/dist/project
_2//part3/open_addressing/checklist.txt  (verbatim)

Overfull \hbox (122.26047pt too wide) in paragraph at lines 23--23
[]\OT1/cmtt/m/n/10 techniques: (no - everything works except removing items wit
h double hashing and quadratic probing)[] 
 []


Overfull \hbox (38.2612pt too wide) in paragraph at lines 23--23
[]\OT1/cmtt/m/n/10 * remove_random(): (linear probing: yes, quadratic probing: 
no, double hashing: no)[] 
 []

[44] [45]
(/home/pvnick/data_structures_and_algorithms/projects/2/final/dist/project_2//c
ommon/common.h [46

] [47] [48] [49] [50] [51] [52]) [53]
(/home/pvnick/data_structures_and_algorithms/projects/2/final/dist/project_2//c
ommon/priority_queue.h [54

]) [55]
Overfull \hbox (43.21751pt too wide) in paragraph at lines 26--26
|\OT1/cmr/bx/n/14.4 part3/open[]addressing/source/open[]addressing[]generic[]ma
p.h| 
 []


(/home/pvnick/data_structures_and_algorithms/projects/2/final/dist/project_2//p
art3/open_addressing/source/open_addressing_generic_map.h [56

] [57] [58]
[59] [60]) [61] [62


]
</home/pvnick/data_structures_and_algorithms/projects/2/final/dist/project_2//p
art3/bucket/part3bucket.pdf, id=284, 614.295pt x 794.97pt>
File: /home/pvnick/data_structures_and_algorithms/projects/2/final/dist/project
_2//part3/bucket/part3bucket.pdf Graphic file (type pdf)

<use /home/pvnick/data_structures_and_algorithms/projects/2/final/dist/project_
2//part3/bucket/part3bucket.pdf>
Package pdftex.def Info: /home/pvnick/data_structures_and_algorithms/projects/2
/final/dist/project_2//part3/bucket/part3bucket.pdf used on input line 29.
(pdftex.def)             Requested size: 614.29349pt x 794.96806pt.
File: /home/pvnick/data_structures_and_algorithms/projects/2/final/dist/project
_2//part3/bucket/part3bucket.pdf Graphic file (type pdf)

<use /home/pvnick/data_structures_and_algorithms/projects/2/final/dist/project_
2//part3/bucket/part3bucket.pdf>
Package pdftex.def Info: /home/pvnick/data_structures_and_algorithms/projects/2
/final/dist/project_2//part3/bucket/part3bucket.pdf used on input line 29.
(pdftex.def)             Requested size: 614.29349pt x 794.96806pt.

</home/pvnick/data_structures_and_algorithms/projects/2/final/dist/project_2//p
art3/bucket/part3bucket.pdf, id=287, page=1, 614.295pt x 794.97pt>
File: /home/pvnick/data_structures_and_algorithms/projects/2/final/dist/project
_2//part3/bucket/part3bucket.pdf Graphic file (type pdf)

<use /home/pvnick/data_structures_and_algorithms/projects/2/final/dist/project_
2//part3/bucket/part3bucket.pdf, page 1>
Package pdftex.def Info: /home/pvnick/data_structures_and_algorithms/projects/2
/final/dist/project_2//part3/bucket/part3bucket.pdf, page1 used on input line 2
9.
(pdftex.def)             Requested size: 614.29349pt x 794.96806pt.
File: /home/pvnick/data_structures_and_algorithms/projects/2/final/dist/project
_2//part3/bucket/part3bucket.pdf Graphic file (type pdf)

<use /home/pvnick/data_structures_and_algorithms/projects/2/final/dist/project_
2//part3/bucket/part3bucket.pdf, page 1>
Package pdftex.def Info: /home/pvnick/data_structures_and_algorithms/projects/2
/final/dist/project_2//part3/bucket/part3bucket.pdf, page1 used on input line 2
9.
(pdftex.def)             Requested size: 614.58406pt x 795.3441pt.
File: /home/pvnick/data_structures_and_algorithms/projects/2/final/dist/project
_2//part3/bucket/part3bucket.pdf Graphic file (type pdf)

<use /home/pvnick/data_structures_and_algorithms/projects/2/final/dist/project_
2//part3/bucket/part3bucket.pdf, page 1>
Package pdftex.def Info: /home/pvnick/data_structures_and_algorithms/projects/2
/final/dist/project_2//part3/bucket/part3bucket.pdf, page1 used on input line 2
9.
(pdftex.def)             Requested size: 614.58406pt x 795.3441pt.
File: /home/pvnick/data_structures_and_algorithms/projects/2/final/dist/project
_2//part3/bucket/part3bucket.pdf Graphic file (type pdf)

<use /home/pvnick/data_structures_and_algorithms/projects/2/final/dist/project_
2//part3/bucket/part3bucket.pdf, page 1>
Package pdftex.def Info: /home/pvnick/data_structures_and_algorithms/projects/2
/final/dist/project_2//part3/bucket/part3bucket.pdf, page1 used on input line 2
9.
(pdftex.def)             Requested size: 614.58406pt x 795.3441pt.
File: /home/pvnick/data_structures_and_algorithms/projects/2/final/dist/project
_2//part3/bucket/part3bucket.pdf Graphic file (type pdf)

<use /home/pvnick/data_structures_and_algorithms/projects/2/final/dist/project_
2//part3/bucket/part3bucket.pdf, page 1>
Package pdftex.def Info: /home/pvnick/data_structures_and_algorithms/projects/2
/final/dist/project_2//part3/bucket/part3bucket.pdf, page1 used on input line 2
9.
(pdftex.def)             Requested size: 614.58406pt x 795.3441pt.
 [63

 </home/pvnick/data_structures_and_algorithms/projects/2/final/dist/project_2//
part3/bucket/part3bucket.pdf>]
</home/pvnick/data_structures_and_algorithms/projects/2/final/dist/project_2//p
art3/bucket/part3bucket.pdf, id=304, page=2, 614.295pt x 794.97pt>
File: /home/pvnick/data_structures_and_algorithms/projects/2/final/dist/project
_2//part3/bucket/part3bucket.pdf Graphic file (type pdf)

<use /home/pvnick/data_structures_and_algorithms/projects/2/final/dist/project_
2//part3/bucket/part3bucket.pdf, page 2>
Package pdftex.def Info: /home/pvnick/data_structures_and_algorithms/projects/2
/final/dist/project_2//part3/bucket/part3bucket.pdf, page2 used on input line 2
9.
(pdftex.def)             Requested size: 614.58406pt x 795.3441pt.
File: /home/pvnick/data_structures_and_algorithms/projects/2/final/dist/project
_2//part3/bucket/part3bucket.pdf Graphic file (type pdf)

<use /home/pvnick/data_structures_and_algorithms/projects/2/final/dist/project_
2//part3/bucket/part3bucket.pdf, page 2>
Package pdftex.def Info: /home/pvnick/data_structures_and_algorithms/projects/2
/final/dist/project_2//part3/bucket/part3bucket.pdf, page2 used on input line 2
9.
(pdftex.def)             Requested size: 614.58406pt x 795.3441pt.
File: /home/pvnick/data_structures_and_algorithms/projects/2/final/dist/project
_2//part3/bucket/part3bucket.pdf Graphic file (type pdf)

<use /home/pvnick/data_structures_and_algorithms/projects/2/final/dist/project_
2//part3/bucket/part3bucket.pdf, page 2>
Package pdftex.def Info: /home/pvnick/data_structures_and_algorithms/projects/2
/final/dist/project_2//part3/bucket/part3bucket.pdf, page2 used on input line 2
9.
(pdftex.def)             Requested size: 614.58406pt x 795.3441pt.
 [64 </home/pvnick/data_structures_and_algorithms/projects/2/final/dist/project
_2//part3/bucket/part3bucket.pdf>]
File: /home/pvnick/data_structures_and_algorithms/projects/2/final/dist/project
_2//part3/bucket/checklist.txt  (verbatim)

[65] [66]
(/home/pvnick/data_structures_and_algorithms/projects/2/final/dist/project_2//c
ommon/common.h [67

] [68] [69] [70] [71] [72] [73]) [74]
(/home/pvnick/data_structures_and_algorithms/projects/2/final/dist/project_2//c
ommon/priority_queue.h [75

]) [76]
(/home/pvnick/data_structures_and_algorithms/projects/2/final/dist/project_2//p
art3/bucket/source/buckets_map_generic.h [77

] [78] [79] [80] [81]) [82]
[83] [84


]
</home/pvnick/data_structures_and_algorithms/projects/2/final/dist/project_2//p
art4/part4.pdf, id=372, 614.295pt x 794.97pt>
File: /home/pvnick/data_structures_and_algorithms/projects/2/final/dist/project
_2//part4/part4.pdf Graphic file (type pdf)

<use /home/pvnick/data_structures_and_algorithms/projects/2/final/dist/project_
2//part4/part4.pdf>
Package pdftex.def Info: /home/pvnick/data_structures_and_algorithms/projects/2
/final/dist/project_2//part4/part4.pdf used on input line 36.
(pdftex.def)             Requested size: 614.29349pt x 794.96806pt.
File: /home/pvnick/data_structures_and_algorithms/projects/2/final/dist/project
_2//part4/part4.pdf Graphic file (type pdf)

<use /home/pvnick/data_structures_and_algorithms/projects/2/final/dist/project_
2//part4/part4.pdf>
Package pdftex.def Info: /home/pvnick/data_structures_and_algorithms/projects/2
/final/dist/project_2//part4/part4.pdf used on input line 36.
(pdftex.def)             Requested size: 614.29349pt x 794.96806pt.

</home/pvnick/data_structures_and_algorithms/projects/2/final/dist/project_2//p
art4/part4.pdf, id=375, page=1, 614.295pt x 794.97pt>
File: /home/pvnick/data_structures_and_algorithms/projects/2/final/dist/project
_2//part4/part4.pdf Graphic file (type pdf)

<use /home/pvnick/data_structures_and_algorithms/projects/2/final/dist/project_
2//part4/part4.pdf, page 1>
Package pdftex.def Info: /home/pvnick/data_structures_and_algorithms/projects/2
/final/dist/project_2//part4/part4.pdf, page1 used on input line 36.
(pdftex.def)             Requested size: 614.29349pt x 794.96806pt.
File: /home/pvnick/data_structures_and_algorithms/projects/2/final/dist/project
_2//part4/part4.pdf Graphic file (type pdf)

<use /home/pvnick/data_structures_and_algorithms/projects/2/final/dist/project_
2//part4/part4.pdf, page 1>
Package pdftex.def Info: /home/pvnick/data_structures_and_algorithms/projects/2
/final/dist/project_2//part4/part4.pdf, page1 used on input line 36.
(pdftex.def)             Requested size: 614.58406pt x 795.3441pt.
File: /home/pvnick/data_structures_and_algorithms/projects/2/final/dist/project
_2//part4/part4.pdf Graphic file (type pdf)

<use /home/pvnick/data_structures_and_algorithms/projects/2/final/dist/project_
2//part4/part4.pdf, page 1>
Package pdftex.def Info: /home/pvnick/data_structures_and_algorithms/projects/2
/final/dist/project_2//part4/part4.pdf, page1 used on input line 36.
(pdftex.def)             Requested size: 614.58406pt x 795.3441pt.
File: /home/pvnick/data_structures_and_algorithms/projects/2/final/dist/project
_2//part4/part4.pdf Graphic file (type pdf)

<use /home/pvnick/data_structures_and_algorithms/projects/2/final/dist/project_
2//part4/part4.pdf, page 1>
Package pdftex.def Info: /home/pvnick/data_structures_and_algorithms/projects/2
/final/dist/project_2//part4/part4.pdf, page1 used on input line 36.
(pdftex.def)             Requested size: 614.58406pt x 795.3441pt.
File: /home/pvnick/data_structures_and_algorithms/projects/2/final/dist/project
_2//part4/part4.pdf Graphic file (type pdf)

<use /home/pvnick/data_structures_and_algorithms/projects/2/final/dist/project_
2//part4/part4.pdf, page 1>
Package pdftex.def Info: /home/pvnick/data_structures_and_algorithms/projects/2
/final/dist/project_2//part4/part4.pdf, page1 used on input line 36.
(pdftex.def)             Requested size: 614.58406pt x 795.3441pt.
 [85

 </home/pvnick/data_structures_and_algorithms/projects/2/final/dist/project_2//
part4/part4.pdf>]
</home/pvnick/data_structures_and_algorithms/projects/2/final/dist/project_2//p
art4/part4.pdf, id=393, page=2, 614.295pt x 794.97pt>
File: /home/pvnick/data_structures_and_algorithms/projects/2/final/dist/project
_2//part4/part4.pdf Graphic file (type pdf)

<use /home/pvnick/data_structures_and_algorithms/projects/2/final/dist/project_
2//part4/part4.pdf, page 2>
Package pdftex.def Info: /home/pvnick/data_structures_and_algorithms/projects/2
/final/dist/project_2//part4/part4.pdf, page2 used on input line 36.
(pdftex.def)             Requested size: 614.58406pt x 795.3441pt.
File: /home/pvnick/data_structures_and_algorithms/projects/2/final/dist/project
_2//part4/part4.pdf Graphic file (type pdf)

<use /home/pvnick/data_structures_and_algorithms/projects/2/final/dist/project_
2//part4/part4.pdf, page 2>
Package pdftex.def Info: /home/pvnick/data_structures_and_algorithms/projects/2
/final/dist/project_2//part4/part4.pdf, page2 used on input line 36.
(pdftex.def)             Requested size: 614.58406pt x 795.3441pt.
File: /home/pvnick/data_structures_and_algorithms/projects/2/final/dist/project
_2//part4/part4.pdf Graphic file (type pdf)

<use /home/pvnick/data_structures_and_algorithms/projects/2/final/dist/project_
2//part4/part4.pdf, page 2>
Package pdftex.def Info: /home/pvnick/data_structures_and_algorithms/projects/2
/final/dist/project_2//part4/part4.pdf, page2 used on input line 36.
(pdftex.def)             Requested size: 614.58406pt x 795.3441pt.
 [86 </home/pvnick/data_structures_and_algorithms/projects/2/final/dist/project
_2//part4/part4.pdf>]
File: /home/pvnick/data_structures_and_algorithms/projects/2/final/dist/project
_2//part4/checklist.txt  (verbatim)
 [87] [88]
(/home/pvnick/data_structures_and_algorithms/projects/2/final/dist/project_2//c
ommon/common.h [89

] [90] [91] [92] [93] [94] [95]) [96]
(/home/pvnick/data_structures_and_algorithms/projects/2/final/dist/project_2//c
ommon/priority_queue.h [97

]) [98]
(/home/pvnick/data_structures_and_algorithms/projects/2/final/dist/project_2//c
ommon/unit_test_utils.h [99

]) [100]
(/home/pvnick/data_structures_and_algorithms/projects/2/final/dist/project_2//p
art4/source/bst.h [101

] [102] [103] [104] [105] [106] [107] [108] [109]
Overfull \hbox (34.37434pt too wide) in paragraph at lines 461--462
[][][][][][][][][][][][][][][][][][][][][][][][][][]  
 []

[110]
Overfull \hbox (34.37434pt too wide) in paragraph at lines 476--477
[][][][][][][][][][][][][][][][][][][][][][][][][][]  
 []

[111] [112] [113]) [114]
(/home/pvnick/data_structures_and_algorithms/projects/2/final/dist/project_2//p
art4/source/rbst.h [115

] [116]
Overfull \hbox (34.37434pt too wide) in paragraph at lines 107--108
[][][][][][][][][][][][][][][][][][][][][][][][][][]  
 []

) [117] [118


]
</home/pvnick/data_structures_and_algorithms/projects/2/final/dist/project_2//p
art4bonus/part4bonus.pdf, id=499, 614.295pt x 794.97pt>
File: /home/pvnick/data_structures_and_algorithms/projects/2/final/dist/project
_2//part4bonus/part4bonus.pdf Graphic file (type pdf)

<use /home/pvnick/data_structures_and_algorithms/projects/2/final/dist/project_
2//part4bonus/part4bonus.pdf>
Package pdftex.def Info: /home/pvnick/data_structures_and_algorithms/projects/2
/final/dist/project_2//part4bonus/part4bonus.pdf used on input line 45.
(pdftex.def)             Requested size: 614.29349pt x 794.96806pt.
File: /home/pvnick/data_structures_and_algorithms/projects/2/final/dist/project
_2//part4bonus/part4bonus.pdf Graphic file (type pdf)

<use /home/pvnick/data_structures_and_algorithms/projects/2/final/dist/project_
2//part4bonus/part4bonus.pdf>
Package pdftex.def Info: /home/pvnick/data_structures_and_algorithms/projects/2
/final/dist/project_2//part4bonus/part4bonus.pdf used on input line 45.
(pdftex.def)             Requested size: 614.29349pt x 794.96806pt.

</home/pvnick/data_structures_and_algorithms/projects/2/final/dist/project_2//p
art4bonus/part4bonus.pdf, id=502, page=1, 614.295pt x 794.97pt>
File: /home/pvnick/data_structures_and_algorithms/projects/2/final/dist/project
_2//part4bonus/part4bonus.pdf Graphic file (type pdf)

<use /home/pvnick/data_structures_and_algorithms/projects/2/final/dist/project_
2//part4bonus/part4bonus.pdf, page 1>
Package pdftex.def Info: /home/pvnick/data_structures_and_algorithms/projects/2
/final/dist/project_2//part4bonus/part4bonus.pdf, page1 used on input line 45.
(pdftex.def)             Requested size: 614.29349pt x 794.96806pt.
File: /home/pvnick/data_structures_and_algorithms/projects/2/final/dist/project
_2//part4bonus/part4bonus.pdf Graphic file (type pdf)

<use /home/pvnick/data_structures_and_algorithms/projects/2/final/dist/project_
2//part4bonus/part4bonus.pdf, page 1>
Package pdftex.def Info: /home/pvnick/data_structures_and_algorithms/projects/2
/final/dist/project_2//part4bonus/part4bonus.pdf, page1 used on input line 45.
(pdftex.def)             Requested size: 614.58406pt x 795.3441pt.
File: /home/pvnick/data_structures_and_algorithms/projects/2/final/dist/project
_2//part4bonus/part4bonus.pdf Graphic file (type pdf)

<use /home/pvnick/data_structures_and_algorithms/projects/2/final/dist/project_
2//part4bonus/part4bonus.pdf, page 1>
Package pdftex.def Info: /home/pvnick/data_structures_and_algorithms/projects/2
/final/dist/project_2//part4bonus/part4bonus.pdf, page1 used on input line 45.
(pdftex.def)             Requested size: 614.58406pt x 795.3441pt.
File: /home/pvnick/data_structures_and_algorithms/projects/2/final/dist/project
_2//part4bonus/part4bonus.pdf Graphic file (type pdf)

<use /home/pvnick/data_structures_and_algorithms/projects/2/final/dist/project_
2//part4bonus/part4bonus.pdf, page 1>
Package pdftex.def Info: /home/pvnick/data_structures_and_algorithms/projects/2
/final/dist/project_2//part4bonus/part4bonus.pdf, page1 used on input line 45.
(pdftex.def)             Requested size: 614.58406pt x 795.3441pt.
File: /home/pvnick/data_structures_and_algorithms/projects/2/final/dist/project
_2//part4bonus/part4bonus.pdf Graphic file (type pdf)

<use /home/pvnick/data_structures_and_algorithms/projects/2/final/dist/project_
2//part4bonus/part4bonus.pdf, page 1>
Package pdftex.def Info: /home/pvnick/data_structures_and_algorithms/projects/2
/final/dist/project_2//part4bonus/part4bonus.pdf, page1 used on input line 45.
(pdftex.def)             Requested size: 614.58406pt x 795.3441pt.
 [119

 </home/pvnick/data_structures_and_algorithms/projects/2/final/dist/project_2//
part4bonus/part4bonus.pdf>]
</home/pvnick/data_structures_and_algorithms/projects/2/final/dist/project_2//p
art4bonus/part4bonus.pdf, id=519, page=2, 614.295pt x 794.97pt>
File: /home/pvnick/data_structures_and_algorithms/projects/2/final/dist/project
_2//part4bonus/part4bonus.pdf Graphic file (type pdf)

<use /home/pvnick/data_structures_and_algorithms/projects/2/final/dist/project_
2//part4bonus/part4bonus.pdf, page 2>
Package pdftex.def Info: /home/pvnick/data_structures_and_algorithms/projects/2
/final/dist/project_2//part4bonus/part4bonus.pdf, page2 used on input line 45.
(pdftex.def)             Requested size: 614.58406pt x 795.3441pt.
File: /home/pvnick/data_structures_and_algorithms/projects/2/final/dist/project
_2//part4bonus/part4bonus.pdf Graphic file (type pdf)

<use /home/pvnick/data_structures_and_algorithms/projects/2/final/dist/project_
2//part4bonus/part4bonus.pdf, page 2>
Package pdftex.def Info: /home/pvnick/data_structures_and_algorithms/projects/2
/final/dist/project_2//part4bonus/part4bonus.pdf, page2 used on input line 45.
(pdftex.def)             Requested size: 614.58406pt x 795.3441pt.
File: /home/pvnick/data_structures_and_algorithms/projects/2/final/dist/project
_2//part4bonus/part4bonus.pdf Graphic file (type pdf)

<use /home/pvnick/data_structures_and_algorithms/projects/2/final/dist/project_
2//part4bonus/part4bonus.pdf, page 2>
Package pdftex.def Info: /home/pvnick/data_structures_and_algorithms/projects/2
/final/dist/project_2//part4bonus/part4bonus.pdf, page2 used on input line 45.
(pdftex.def)             Requested size: 614.58406pt x 795.3441pt.
 [120 </home/pvnick/data_structures_and_algorithms/projects/2/final/dist/projec
t_2//part4bonus/part4bonus.pdf>]
File: /home/pvnick/data_structures_and_algorithms/projects/2/final/dist/project
_2//part4bonus/checklist.txt  (verbatim)
 [121]
[122]
(/home/pvnick/data_structures_and_algorithms/projects/2/final/dist/project_2//c
ommon/common.h [123

] [124] [125] [126] [127] [128] [129]) [130]
(/home/pvnick/data_structures_and_algorithms/projects/2/final/dist/project_2//c
ommon/priority_queue.h [131

]) [132]
(/home/pvnick/data_structures_and_algorithms/projects/2/final/dist/project_2//c
ommon/unit_test_utils.h [133

]) [134]
(/home/pvnick/data_structures_and_algorithms/projects/2/final/dist/project_2//p
art4bonus/source/bst.h [135

] [136] [137] [138] [139] [140] [141] [142] [143]
Overfull \hbox (34.37434pt too wide) in paragraph at lines 461--462
[][][][][][][][][][][][][][][][][][][][][][][][][][]  
 []

[144]
Overfull \hbox (34.37434pt too wide) in paragraph at lines 476--477
[][][][][][][][][][][][][][][][][][][][][][][][][][]  
 []

[145] [146] [147]) [148]
(/home/pvnick/data_structures_and_algorithms/projects/2/final/dist/project_2//p
art4bonus/source/avl.h [149

]
Overfull \hbox (83.19536pt too wide) in paragraph at lines 77--78
[][][][][][][][][][][][][][][][][][]  
 []

[150]
Overfull \hbox (78.47041pt too wide) in paragraph at lines 96--97
[][][][][][][][][][][][][][][][][][]  
 []


Overfull \hbox (34.37434pt too wide) in paragraph at lines 134--135
[][][][][][][][][][][][][][][][][][][][][][][][][][]  
 []

[151]
Overfull \hbox (34.37434pt too wide) in paragraph at lines 150--151
[][][][][][][][][][][][][][][][][][][][][][][][][][]  
 []

) [152] (./physical_deliverable_compiled.aux) ) 
Here is how much of TeX's memory you used:
 6890 strings out of 495028
 115378 string characters out of 6181497
 252315 words of memory out of 5000000
 9945 multiletter control sequences out of 15000+600000
 4879 words of font info for 19 fonts, out of 8000000 for 9000
 14 hyphenation exceptions out of 8191
 42i,18n,60p,490b,1605s stack positions out of 5000i,500n,10000p,200000b,80000s
</usr/share/texlive/texmf-dist/f
onts/type1/public/amsfonts/cm/cmbx12.pfb></usr/share/texlive/texmf-dist/fonts/t
ype1/public/amsfonts/cm/cmr10.pfb></usr/share/texlive/texmf-dist/fonts/type1/pu
blic/amsfonts/cm/cmr5.pfb></usr/share/texlive/texmf-dist/fonts/type1/public/ams
fonts/cm/cmtt10.pfb></usr/share/texlive/texmf-dist/fonts/type1/public/amsfonts/
cm/cmtt9.pfb></usr/share/texmf/fonts/type1/public/lm/lmbx12.pfb></usr/share/tex
mf/fonts/type1/public/lm/lmr10.pfb></usr/share/texmf/fonts/type1/public/lm/lmr1
2.pfb></usr/share/texmf/fonts/type1/public/lm/lmr17.pfb>
Output written on physical_deliverable_compiled.pdf (152 pages, 394280 bytes).
PDF statistics:
 653 PDF objects out of 1000 (max. 8388607)
 451 compressed objects within 5 object streams
 0 named destinations out of 1000 (max. 500000)
 171 words of extra memory for PDF output out of 10000 (max. 10000000)

