This is pdfTeX, Version 3.1415926-2.5-1.40.14 (TeX Live 2013/Debian) (format=pdflatex 2014.9.23)  24 NOV 2014 16:32
entering extended mode
 restricted \write18 enabled.
 %&-line parsing enabled.
**\newcommand\inputincludepath{/home/pvnick/data_structures_and_algorithms/proj
ects/1/dist/project_1/}\input{/tmp/physical_deliverable_compiled.tex}
(/tmp/physical_deliverable_compiled.tex
(/usr/share/texlive/texmf-dist/tex/latex/base/article.cls
Document Class: article 2007/10/19 v1.4h Standard LaTeX document class
(/usr/share/texlive/texmf-dist/tex/latex/base/size10.clo
File: size10.clo 2007/10/19 v1.4h Standard LaTeX file (size option)
)
\c@part=\count79
\c@section=\count80
\c@subsection=\count81
\c@subsubsection=\count82
\c@paragraph=\count83
\c@subparagraph=\count84
\c@figure=\count85
\c@table=\count86
\abovecaptionskip=\skip41
\belowcaptionskip=\skip42
\bibindent=\dimen102
)
\@input{pandocheader.aux}
\openout2 = `pandocheader.aux'.

(./pandocheader.tex
(/usr/share/texlive/texmf-dist/tex/latex/geometry/geometry.sty
Package: geometry 2010/09/12 v5.6 Page Geometry

(/usr/share/texlive/texmf-dist/tex/latex/graphics/keyval.sty
Package: keyval 1999/03/16 v1.13 key=value parser (DPC)
\KV@toks@=\toks14
)
(/usr/share/texlive/texmf-dist/tex/generic/oberdiek/ifpdf.sty
Package: ifpdf 2011/01/30 v2.3 Provides the ifpdf switch (HO)
Package ifpdf Info: pdfTeX in PDF mode is detected.
)
(/usr/share/texlive/texmf-dist/tex/generic/oberdiek/ifvtex.sty
Package: ifvtex 2010/03/01 v1.5 Detect VTeX and its facilities (HO)
Package ifvtex Info: VTeX not detected.
)
(/usr/share/texlive/texmf-dist/tex/generic/ifxetex/ifxetex.sty
Package: ifxetex 2010/09/12 v0.6 Provides ifxetex conditional
)
\Gm@cnth=\count87
\Gm@cntv=\count88
\c@Gm@tempcnt=\count89
\Gm@bindingoffset=\dimen103
\Gm@wd@mp=\dimen104
\Gm@odd@mp=\dimen105
\Gm@even@mp=\dimen106
\Gm@layoutwidth=\dimen107
\Gm@layoutheight=\dimen108
\Gm@layouthoffset=\dimen109
\Gm@layoutvoffset=\dimen110
\Gm@dimlist=\toks15
)
(/usr/share/texlive/texmf-dist/tex/latex/titlesec/titlesec.sty
Package: titlesec 2011/12/15 v2.10.0 Sectioning titles
\ttl@box=\box26
\beforetitleunit=\skip43
\aftertitleunit=\skip44
\ttl@plus=\dimen111
\ttl@minus=\dimen112
\ttl@toksa=\toks16
\titlewidth=\dimen113
\titlewidthlast=\dimen114
\titlewidthfirst=\dimen115
)
(/usr/share/texlive/texmf-dist/tex/latex/pdfpages/pdfpages.sty
Package: pdfpages 2013/08/25 v0.4v Insert pages of external PDF documents (AM)

(/usr/share/texlive/texmf-dist/tex/latex/base/ifthen.sty
Package: ifthen 2001/05/26 v1.1c Standard LaTeX ifthen package (DPC)
)
(/usr/share/texlive/texmf-dist/tex/latex/tools/calc.sty
Package: calc 2007/08/22 v4.3 Infix arithmetic (KKT,FJ)
\calc@Acount=\count90
\calc@Bcount=\count91
\calc@Adimen=\dimen116
\calc@Bdimen=\dimen117
\calc@Askip=\skip45
\calc@Bskip=\skip46
LaTeX Info: Redefining \setlength on input line 76.
LaTeX Info: Redefining \addtolength on input line 77.
\calc@Ccount=\count92
\calc@Cskip=\skip47
)
(/usr/share/texlive/texmf-dist/tex/latex/eso-pic/eso-pic.sty
Package: eso-pic 2013/10/06 v2.0d eso-pic (RN)

(/usr/share/texlive/texmf-dist/tex/generic/oberdiek/atbegshi.sty
Package: atbegshi 2011/10/05 v1.16 At begin shipout hook (HO)

(/usr/share/texlive/texmf-dist/tex/generic/oberdiek/infwarerr.sty
Package: infwarerr 2010/04/08 v1.3 Providing info/warning/error messages (HO)
)
(/usr/share/texlive/texmf-dist/tex/generic/oberdiek/ltxcmds.sty
Package: ltxcmds 2011/11/09 v1.22 LaTeX kernel commands for general use (HO)
))
(/usr/share/texmf/tex/latex/xcolor/xcolor.sty
Package: xcolor 2007/01/21 v2.11 LaTeX color extensions (UK)

(/usr/share/texlive/texmf-dist/tex/latex/latexconfig/color.cfg
File: color.cfg 2007/01/18 v1.5 color configuration of teTeX/TeXLive
)
Package xcolor Info: Driver file: pdftex.def on input line 225.

(/usr/share/texlive/texmf-dist/tex/latex/pdftex-def/pdftex.def
File: pdftex.def 2011/05/27 v0.06d Graphics/color for pdfTeX
\Gread@gobject=\count93
)
Package xcolor Info: Model `cmy' substituted by `cmy0' on input line 1337.
Package xcolor Info: Model `hsb' substituted by `rgb' on input line 1341.
Package xcolor Info: Model `RGB' extended on input line 1353.
Package xcolor Info: Model `HTML' substituted by `rgb' on input line 1355.
Package xcolor Info: Model `Hsb' substituted by `hsb' on input line 1356.
Package xcolor Info: Model `tHsb' substituted by `hsb' on input line 1357.
Package xcolor Info: Model `HSB' substituted by `hsb' on input line 1358.
Package xcolor Info: Model `Gray' substituted by `gray' on input line 1359.
Package xcolor Info: Model `wave' substituted by `hsb' on input line 1360.
))
(/usr/share/texlive/texmf-dist/tex/latex/graphics/graphicx.sty
Package: graphicx 1999/02/16 v1.0f Enhanced LaTeX Graphics (DPC,SPQR)

(/usr/share/texlive/texmf-dist/tex/latex/graphics/graphics.sty
Package: graphics 2009/02/05 v1.0o Standard LaTeX Graphics (DPC,SPQR)

(/usr/share/texlive/texmf-dist/tex/latex/graphics/trig.sty
Package: trig 1999/03/16 v1.09 sin cos tan (DPC)
)
(/usr/share/texlive/texmf-dist/tex/latex/latexconfig/graphics.cfg
File: graphics.cfg 2010/04/23 v1.9 graphics configuration of TeX Live
)
Package graphics Info: Driver file: pdftex.def on input line 91.
)
\Gin@req@height=\dimen118
\Gin@req@width=\dimen119
)
(/usr/share/texlive/texmf-dist/tex/latex/pdfpages/pppdftex.def
File: pppdftex.def 2013/08/25 v0.4v Pdfpages driver for pdfTeX (AM)
)
\AM@pagebox=\box27
\AM@toc@title=\toks17
\c@AM@survey=\count94
\AM@templatesizebox=\box28
)
(/usr/share/texlive/texmf-dist/tex/latex/oberdiek/listingsutf8.sty
Package: listingsutf8 2011/11/10 v1.2 Allow UTF-8 in listings input (HO)

(/usr/share/texlive/texmf-dist/tex/latex/listings/listings.sty
\lst@mode=\count95
\lst@gtempboxa=\box29
\lst@token=\toks18
\lst@length=\count96
\lst@currlwidth=\dimen120
\lst@column=\count97
\lst@pos=\count98
\lst@lostspace=\dimen121
\lst@width=\dimen122
\lst@newlines=\count99
\lst@lineno=\count100
\lst@maxwidth=\dimen123

(/usr/share/texlive/texmf-dist/tex/latex/listings/lstmisc.sty
File: lstmisc.sty 2013/08/26 1.5b (Carsten Heinz)
\c@lstnumber=\count101
\lst@skipnumbers=\count102
\lst@framebox=\box30
)
(/usr/share/texlive/texmf-dist/tex/latex/listings/listings.cfg
File: listings.cfg 2013/08/26 1.5b listings configuration
))
Package: listings 2013/08/26 1.5b (Carsten Heinz)

(/usr/share/texlive/texmf-dist/tex/generic/oberdiek/pdftexcmds.sty
Package: pdftexcmds 2011/11/29 v0.20 Utility functions of pdfTeX for LuaTeX (HO
)

(/usr/share/texlive/texmf-dist/tex/generic/oberdiek/ifluatex.sty
Package: ifluatex 2010/03/01 v1.3 Provides the ifluatex switch (HO)
Package ifluatex Info: LuaTeX not detected.
)
Package pdftexcmds Info: LuaTeX not detected.
Package pdftexcmds Info: \pdf@primitive is available.
Package pdftexcmds Info: \pdf@ifprimitive is available.
Package pdftexcmds Info: \pdfdraftmode found.
)
(/usr/share/texlive/texmf-dist/tex/generic/oberdiek/stringenc.sty
Package: stringenc 2011/12/02 v1.10 Convert strings between diff. encodings (HO
)

(/usr/share/texlive/texmf-dist/tex/generic/oberdiek/pdfescape.sty
Package: pdfescape 2011/11/25 v1.13 Implements pdfTeX's escape features (HO)
)))
(/usr/share/texlive/texmf-dist/tex/latex/tools/verbatim.sty
Package: verbatim 2003/08/22 v1.5q LaTeX2e package for verbatim enhancements
\every@verbatim=\toks19
\verbatim@line=\toks20
\verbatim@in@stream=\read1
)
(/usr/share/texlive/texmf-dist/tex/latex/caption/caption.sty
Package: caption 2013/05/02 v3.3-89 Customizing captions (AR)

(/usr/share/texlive/texmf-dist/tex/latex/caption/caption3.sty
Package: caption3 2013/05/02 v1.6-88 caption3 kernel (AR)
Package caption3 Info: TeX engine: e-TeX on input line 57.
\captionmargin=\dimen124
\captionmargin@=\dimen125
\captionwidth=\dimen126
\caption@tempdima=\dimen127
\caption@indent=\dimen128
\caption@parindent=\dimen129
\caption@hangindent=\dimen130
)
\c@ContinuedFloat=\count103
Package caption Info: listings package is loaded.
)
(/usr/share/texlive/texmf-dist/tex/latex/listings/lstlang1.sty
File: lstlang1.sty 2013/08/26 1.5b listings language file
)
(/usr/share/texlive/texmf-dist/tex/latex/listings/lstlang1.sty
File: lstlang1.sty 2013/08/26 1.5b listings language file
)
(/usr/share/texlive/texmf-dist/tex/latex/listings/lstmisc.sty
File: lstmisc.sty 2013/08/26 1.5b (Carsten Heinz)
))
(./physical_deliverable_compiled.aux)
\openout1 = `physical_deliverable_compiled.aux'.

LaTeX Font Info:    Checking defaults for OML/cmm/m/it on input line 3.
LaTeX Font Info:    ... okay on input line 3.
LaTeX Font Info:    Checking defaults for T1/cmr/m/n on input line 3.
LaTeX Font Info:    ... okay on input line 3.
LaTeX Font Info:    Checking defaults for OT1/cmr/m/n on input line 3.
LaTeX Font Info:    ... okay on input line 3.
LaTeX Font Info:    Checking defaults for OMS/cmsy/m/n on input line 3.
LaTeX Font Info:    ... okay on input line 3.
LaTeX Font Info:    Checking defaults for OMX/cmex/m/n on input line 3.
LaTeX Font Info:    ... okay on input line 3.
LaTeX Font Info:    Checking defaults for U/cmr/m/n on input line 3.
LaTeX Font Info:    ... okay on input line 3.

*geometry* driver: auto-detecting
*geometry* detected driver: pdftex
*geometry* verbose mode - [ preamble ] result:
* driver: pdftex
* paper: letterpaper
* layout: <same size as paper>
* layoutoffset:(h,v)=(0.0pt,0.0pt)
* modes: 
* h-part:(L,W,R)=(108.405pt, 397.485pt, 108.405pt)
* v-part:(T,H,B)=(108.405pt, 578.15999pt, 108.405pt)
* \paperwidth=614.295pt
* \paperheight=794.96999pt
* \textwidth=397.485pt
* \textheight=578.15999pt
* \oddsidemargin=36.13501pt
* \evensidemargin=36.13501pt
* \topmargin=-0.86499pt
* \headheight=12.0pt
* \headsep=25.0pt
* \topskip=10.0pt
* \footskip=30.0pt
* \marginparwidth=65.0pt
* \marginparsep=11.0pt
* \columnsep=10.0pt
* \skip\footins=9.0pt plus 4.0pt minus 2.0pt
* \hoffset=0.0pt
* \voffset=0.0pt
* \mag=1000
* \@twocolumnfalse
* \@twosidefalse
* \@mparswitchfalse
* \@reversemarginfalse
* (1in=72.27pt=25.4mm, 1cm=28.453pt)

\AtBeginShipoutBox=\box31
(/usr/share/texlive/texmf-dist/tex/context/base/supp-pdf.mkii
[Loading MPS to PDF converter (version 2006.09.02).]
\scratchcounter=\count104
\scratchdimen=\dimen131
\scratchbox=\box32
\nofMPsegments=\count105
\nofMParguments=\count106
\everyMPshowfont=\toks21
\MPscratchCnt=\count107
\MPscratchDim=\dimen132
\MPnumerator=\count108
\makeMPintoPDFobject=\count109
\everyMPtoPDFconversion=\toks22
) (/usr/share/texlive/texmf-dist/tex/latex/oberdiek/epstopdf-base.sty
Package: epstopdf-base 2010/02/09 v2.5 Base part for package epstopdf

(/usr/share/texlive/texmf-dist/tex/latex/oberdiek/grfext.sty
Package: grfext 2010/08/19 v1.1 Manage graphics extensions (HO)

(/usr/share/texlive/texmf-dist/tex/generic/oberdiek/kvdefinekeys.sty
Package: kvdefinekeys 2011/04/07 v1.3 Define keys (HO)
))
(/usr/share/texlive/texmf-dist/tex/latex/oberdiek/kvoptions.sty
Package: kvoptions 2011/06/30 v3.11 Key value format for package options (HO)

(/usr/share/texlive/texmf-dist/tex/generic/oberdiek/kvsetkeys.sty
Package: kvsetkeys 2012/04/25 v1.16 Key value parser (HO)

(/usr/share/texlive/texmf-dist/tex/generic/oberdiek/etexcmds.sty
Package: etexcmds 2011/02/16 v1.5 Avoid name clashes with e-TeX commands (HO)
Package etexcmds Info: Could not find \expanded.
(etexcmds)             That can mean that you are not using pdfTeX 1.50 or
(etexcmds)             that some package has redefined \expanded.
(etexcmds)             In the latter case, load this package earlier.
)))
Package grfext Info: Graphics extension search list:
(grfext)             [.png,.pdf,.jpg,.mps,.jpeg,.jbig2,.jb2,.PNG,.PDF,.JPG,.JPE
G,.JBIG2,.JB2,.eps]
(grfext)             \AppendGraphicsExtensions on input line 452.

(/usr/share/texlive/texmf-dist/tex/latex/latexconfig/epstopdf-sys.cfg
File: epstopdf-sys.cfg 2010/07/13 v1.3 Configuration of (r)epstopdf for TeX Liv
e
))
\c@lstlisting=\count110

(/usr/share/texlive/texmf-dist/tex/latex/base/inputenc.sty
Package: inputenc 2008/03/30 v1.1d Input encoding file
\inpenc@prehook=\toks23
\inpenc@posthook=\toks24
)
Package caption Info: Begin \AtBeginDocument code.
Package caption Info: End \AtBeginDocument code.
LaTeX Font Info:    External font `cmex10' loaded for size
(Font)              <12> on input line 7.
LaTeX Font Info:    External font `cmex10' loaded for size
(Font)              <8> on input line 7.
LaTeX Font Info:    External font `cmex10' loaded for size
(Font)              <6> on input line 7.

</home/pvnick/data_structures_and_algorithms/projects/1/dist/project_1//learnin
g.pdf, id=1, 614.295pt x 794.97pt>
File: /home/pvnick/data_structures_and_algorithms/projects/1/dist/project_1//le
arning.pdf Graphic file (type pdf)

<use /home/pvnick/data_structures_and_algorithms/projects/1/dist/project_1//lea
rning.pdf>
Package pdftex.def Info: /home/pvnick/data_structures_and_algorithms/projects/1
/dist/project_1//learning.pdf used on input line 9.
(pdftex.def)             Requested size: 614.29349pt x 794.96806pt.
File: /home/pvnick/data_structures_and_algorithms/projects/1/dist/project_1//le
arning.pdf Graphic file (type pdf)

<use /home/pvnick/data_structures_and_algorithms/projects/1/dist/project_1//lea
rning.pdf>
Package pdftex.def Info: /home/pvnick/data_structures_and_algorithms/projects/1
/dist/project_1//learning.pdf used on input line 9.
(pdftex.def)             Requested size: 614.29349pt x 794.96806pt.
 [1



{/var/lib/texmf/fonts/map/pdftex/updmap/pdftex.map}]
</home/pvnick/data_structures_and_algorithms/projects/1/dist/project_1//learnin
g.pdf, id=12, page=1, 614.295pt x 794.97pt>
File: /home/pvnick/data_structures_and_algorithms/projects/1/dist/project_1//le
arning.pdf Graphic file (type pdf)

<use /home/pvnick/data_structures_and_algorithms/projects/1/dist/project_1//lea
rning.pdf, page 1>
Package pdftex.def Info: /home/pvnick/data_structures_and_algorithms/projects/1
/dist/project_1//learning.pdf, page1 used on input line 9.
(pdftex.def)             Requested size: 614.29349pt x 794.96806pt.
File: /home/pvnick/data_structures_and_algorithms/projects/1/dist/project_1//le
arning.pdf Graphic file (type pdf)

<use /home/pvnick/data_structures_and_algorithms/projects/1/dist/project_1//lea
rning.pdf, page 1>
Package pdftex.def Info: /home/pvnick/data_structures_and_algorithms/projects/1
/dist/project_1//learning.pdf, page1 used on input line 9.
(pdftex.def)             Requested size: 614.58406pt x 795.3441pt.
File: /home/pvnick/data_structures_and_algorithms/projects/1/dist/project_1//le
arning.pdf Graphic file (type pdf)

<use /home/pvnick/data_structures_and_algorithms/projects/1/dist/project_1//lea
rning.pdf, page 1>
Package pdftex.def Info: /home/pvnick/data_structures_and_algorithms/projects/1
/dist/project_1//learning.pdf, page1 used on input line 9.
(pdftex.def)             Requested size: 614.58406pt x 795.3441pt.
File: /home/pvnick/data_structures_and_algorithms/projects/1/dist/project_1//le
arning.pdf Graphic file (type pdf)

<use /home/pvnick/data_structures_and_algorithms/projects/1/dist/project_1//lea
rning.pdf, page 1>
Package pdftex.def Info: /home/pvnick/data_structures_and_algorithms/projects/1
/dist/project_1//learning.pdf, page1 used on input line 9.
(pdftex.def)             Requested size: 614.58406pt x 795.3441pt.
File: /home/pvnick/data_structures_and_algorithms/projects/1/dist/project_1//le
arning.pdf Graphic file (type pdf)

<use /home/pvnick/data_structures_and_algorithms/projects/1/dist/project_1//lea
rning.pdf, page 1>
Package pdftex.def Info: /home/pvnick/data_structures_and_algorithms/projects/1
/dist/project_1//learning.pdf, page1 used on input line 9.
(pdftex.def)             Requested size: 614.58406pt x 795.3441pt.
 [2 </home/pvnick/data_structures_and_algorithms/projects/1/dist/project_1//lea
rning.pdf>] [3

]
</home/pvnick/data_structures_and_algorithms/projects/1/dist/project_1//ssll/ss
ll.pdf, id=41, 614.295pt x 794.97pt>
File: /home/pvnick/data_structures_and_algorithms/projects/1/dist/project_1//ss
ll/ssll.pdf Graphic file (type pdf)

<use /home/pvnick/data_structures_and_algorithms/projects/1/dist/project_1//ssl
l/ssll.pdf>
Package pdftex.def Info: /home/pvnick/data_structures_and_algorithms/projects/1
/dist/project_1//ssll/ssll.pdf used on input line 12.
(pdftex.def)             Requested size: 614.29349pt x 794.96806pt.
File: /home/pvnick/data_structures_and_algorithms/projects/1/dist/project_1//ss
ll/ssll.pdf Graphic file (type pdf)

<use /home/pvnick/data_structures_and_algorithms/projects/1/dist/project_1//ssl
l/ssll.pdf>
Package pdftex.def Info: /home/pvnick/data_structures_and_algorithms/projects/1
/dist/project_1//ssll/ssll.pdf used on input line 12.
(pdftex.def)             Requested size: 614.29349pt x 794.96806pt.

</home/pvnick/data_structures_and_algorithms/projects/1/dist/project_1//ssll/ss
ll.pdf, id=44, page=1, 614.295pt x 794.97pt>
File: /home/pvnick/data_structures_and_algorithms/projects/1/dist/project_1//ss
ll/ssll.pdf Graphic file (type pdf)

<use /home/pvnick/data_structures_and_algorithms/projects/1/dist/project_1//ssl
l/ssll.pdf, page 1>
Package pdftex.def Info: /home/pvnick/data_structures_and_algorithms/projects/1
/dist/project_1//ssll/ssll.pdf, page1 used on input line 12.
(pdftex.def)             Requested size: 614.29349pt x 794.96806pt.
File: /home/pvnick/data_structures_and_algorithms/projects/1/dist/project_1//ss
ll/ssll.pdf Graphic file (type pdf)

<use /home/pvnick/data_structures_and_algorithms/projects/1/dist/project_1//ssl
l/ssll.pdf, page 1>
Package pdftex.def Info: /home/pvnick/data_structures_and_algorithms/projects/1
/dist/project_1//ssll/ssll.pdf, page1 used on input line 12.
(pdftex.def)             Requested size: 614.58406pt x 795.3441pt.
File: /home/pvnick/data_structures_and_algorithms/projects/1/dist/project_1//ss
ll/ssll.pdf Graphic file (type pdf)

<use /home/pvnick/data_structures_and_algorithms/projects/1/dist/project_1//ssl
l/ssll.pdf, page 1>
Package pdftex.def Info: /home/pvnick/data_structures_and_algorithms/projects/1
/dist/project_1//ssll/ssll.pdf, page1 used on input line 12.
(pdftex.def)             Requested size: 614.58406pt x 795.3441pt.
File: /home/pvnick/data_structures_and_algorithms/projects/1/dist/project_1//ss
ll/ssll.pdf Graphic file (type pdf)

<use /home/pvnick/data_structures_and_algorithms/projects/1/dist/project_1//ssl
l/ssll.pdf, page 1>
Package pdftex.def Info: /home/pvnick/data_structures_and_algorithms/projects/1
/dist/project_1//ssll/ssll.pdf, page1 used on input line 12.
(pdftex.def)             Requested size: 614.58406pt x 795.3441pt.
File: /home/pvnick/data_structures_and_algorithms/projects/1/dist/project_1//ss
ll/ssll.pdf Graphic file (type pdf)

<use /home/pvnick/data_structures_and_algorithms/projects/1/dist/project_1//ssl
l/ssll.pdf, page 1>
Package pdftex.def Info: /home/pvnick/data_structures_and_algorithms/projects/1
/dist/project_1//ssll/ssll.pdf, page1 used on input line 12.
(pdftex.def)             Requested size: 614.58406pt x 795.3441pt.
 [4

 </home/pvnick/data_structures_and_algorithms/projects/1/dist/project_1//ssll/s
sll.pdf>]
</home/pvnick/data_structures_and_algorithms/projects/1/dist/project_1//ssll/ss
ll.pdf, id=69, page=2, 614.295pt x 794.97pt>
File: /home/pvnick/data_structures_and_algorithms/projects/1/dist/project_1//ss
ll/ssll.pdf Graphic file (type pdf)

<use /home/pvnick/data_structures_and_algorithms/projects/1/dist/project_1//ssl
l/ssll.pdf, page 2>
Package pdftex.def Info: /home/pvnick/data_structures_and_algorithms/projects/1
/dist/project_1//ssll/ssll.pdf, page2 used on input line 12.
(pdftex.def)             Requested size: 614.58406pt x 795.3441pt.
File: /home/pvnick/data_structures_and_algorithms/projects/1/dist/project_1//ss
ll/ssll.pdf Graphic file (type pdf)

<use /home/pvnick/data_structures_and_algorithms/projects/1/dist/project_1//ssl
l/ssll.pdf, page 2>
Package pdftex.def Info: /home/pvnick/data_structures_and_algorithms/projects/1
/dist/project_1//ssll/ssll.pdf, page2 used on input line 12.
(pdftex.def)             Requested size: 614.58406pt x 795.3441pt.
File: /home/pvnick/data_structures_and_algorithms/projects/1/dist/project_1//ss
ll/ssll.pdf Graphic file (type pdf)

<use /home/pvnick/data_structures_and_algorithms/projects/1/dist/project_1//ssl
l/ssll.pdf, page 2>
Package pdftex.def Info: /home/pvnick/data_structures_and_algorithms/projects/1
/dist/project_1//ssll/ssll.pdf, page2 used on input line 12.
(pdftex.def)             Requested size: 614.58406pt x 795.3441pt.
 [5 </home/pvnick/data_structures_and_algorithms/projects/1/dist/project_1//ssl
l/ssll.pdf>]
</home/pvnick/data_structures_and_algorithms/projects/1/dist/project_1//ssll/ss
ll.pdf, id=78, page=3, 614.295pt x 794.97pt>
File: /home/pvnick/data_structures_and_algorithms/projects/1/dist/project_1//ss
ll/ssll.pdf Graphic file (type pdf)

<use /home/pvnick/data_structures_and_algorithms/projects/1/dist/project_1//ssl
l/ssll.pdf, page 3>
Package pdftex.def Info: /home/pvnick/data_structures_and_algorithms/projects/1
/dist/project_1//ssll/ssll.pdf, page3 used on input line 12.
(pdftex.def)             Requested size: 614.58406pt x 795.3441pt.
File: /home/pvnick/data_structures_and_algorithms/projects/1/dist/project_1//ss
ll/ssll.pdf Graphic file (type pdf)

<use /home/pvnick/data_structures_and_algorithms/projects/1/dist/project_1//ssl
l/ssll.pdf, page 3>
Package pdftex.def Info: /home/pvnick/data_structures_and_algorithms/projects/1
/dist/project_1//ssll/ssll.pdf, page3 used on input line 12.
(pdftex.def)             Requested size: 614.58406pt x 795.3441pt.
File: /home/pvnick/data_structures_and_algorithms/projects/1/dist/project_1//ss
ll/ssll.pdf Graphic file (type pdf)

<use /home/pvnick/data_structures_and_algorithms/projects/1/dist/project_1//ssl
l/ssll.pdf, page 3>
Package pdftex.def Info: /home/pvnick/data_structures_and_algorithms/projects/1
/dist/project_1//ssll/ssll.pdf, page3 used on input line 12.
(pdftex.def)             Requested size: 614.58406pt x 795.3441pt.
 [6 </home/pvnick/data_structures_and_algorithms/projects/1/dist/project_1//ssl
l/ssll.pdf>]
</home/pvnick/data_structures_and_algorithms/projects/1/dist/project_1//ssll/ss
ll.pdf, id=82, page=4, 614.295pt x 794.97pt>
File: /home/pvnick/data_structures_and_algorithms/projects/1/dist/project_1//ss
ll/ssll.pdf Graphic file (type pdf)

<use /home/pvnick/data_structures_and_algorithms/projects/1/dist/project_1//ssl
l/ssll.pdf, page 4>
Package pdftex.def Info: /home/pvnick/data_structures_and_algorithms/projects/1
/dist/project_1//ssll/ssll.pdf, page4 used on input line 12.
(pdftex.def)             Requested size: 614.58406pt x 795.3441pt.
File: /home/pvnick/data_structures_and_algorithms/projects/1/dist/project_1//ss
ll/ssll.pdf Graphic file (type pdf)

<use /home/pvnick/data_structures_and_algorithms/projects/1/dist/project_1//ssl
l/ssll.pdf, page 4>
Package pdftex.def Info: /home/pvnick/data_structures_and_algorithms/projects/1
/dist/project_1//ssll/ssll.pdf, page4 used on input line 12.
(pdftex.def)             Requested size: 614.58406pt x 795.3441pt.
File: /home/pvnick/data_structures_and_algorithms/projects/1/dist/project_1//ss
ll/ssll.pdf Graphic file (type pdf)

<use /home/pvnick/data_structures_and_algorithms/projects/1/dist/project_1//ssl
l/ssll.pdf, page 4>
Package pdftex.def Info: /home/pvnick/data_structures_and_algorithms/projects/1
/dist/project_1//ssll/ssll.pdf, page4 used on input line 12.
(pdftex.def)             Requested size: 614.58406pt x 795.3441pt.
 [7 </home/pvnick/data_structures_and_algorithms/projects/1/dist/project_1//ssl
l/ssll.pdf>]
</home/pvnick/data_structures_and_algorithms/projects/1/dist/project_1//ssll/ss
ll.pdf, id=87, page=5, 614.295pt x 794.97pt>
File: /home/pvnick/data_structures_and_algorithms/projects/1/dist/project_1//ss
ll/ssll.pdf Graphic file (type pdf)

<use /home/pvnick/data_structures_and_algorithms/projects/1/dist/project_1//ssl
l/ssll.pdf, page 5>
Package pdftex.def Info: /home/pvnick/data_structures_and_algorithms/projects/1
/dist/project_1//ssll/ssll.pdf, page5 used on input line 12.
(pdftex.def)             Requested size: 614.58406pt x 795.3441pt.
File: /home/pvnick/data_structures_and_algorithms/projects/1/dist/project_1//ss
ll/ssll.pdf Graphic file (type pdf)

<use /home/pvnick/data_structures_and_algorithms/projects/1/dist/project_1//ssl
l/ssll.pdf, page 5>
Package pdftex.def Info: /home/pvnick/data_structures_and_algorithms/projects/1
/dist/project_1//ssll/ssll.pdf, page5 used on input line 12.
(pdftex.def)             Requested size: 614.58406pt x 795.3441pt.
File: /home/pvnick/data_structures_and_algorithms/projects/1/dist/project_1//ss
ll/ssll.pdf Graphic file (type pdf)

<use /home/pvnick/data_structures_and_algorithms/projects/1/dist/project_1//ssl
l/ssll.pdf, page 5>
Package pdftex.def Info: /home/pvnick/data_structures_and_algorithms/projects/1
/dist/project_1//ssll/ssll.pdf, page5 used on input line 12.
(pdftex.def)             Requested size: 614.58406pt x 795.3441pt.
 [8 </home/pvnick/data_structures_and_algorithms/projects/1/dist/project_1//ssl
l/ssll.pdf>]
</home/pvnick/data_structures_and_algorithms/projects/1/dist/project_1//ssll/ss
ll.pdf, id=96, page=6, 614.295pt x 794.97pt>
File: /home/pvnick/data_structures_and_algorithms/projects/1/dist/project_1//ss
ll/ssll.pdf Graphic file (type pdf)

<use /home/pvnick/data_structures_and_algorithms/projects/1/dist/project_1//ssl
l/ssll.pdf, page 6>
Package pdftex.def Info: /home/pvnick/data_structures_and_algorithms/projects/1
/dist/project_1//ssll/ssll.pdf, page6 used on input line 12.
(pdftex.def)             Requested size: 614.58406pt x 795.3441pt.
File: /home/pvnick/data_structures_and_algorithms/projects/1/dist/project_1//ss
ll/ssll.pdf Graphic file (type pdf)

<use /home/pvnick/data_structures_and_algorithms/projects/1/dist/project_1//ssl
l/ssll.pdf, page 6>
Package pdftex.def Info: /home/pvnick/data_structures_and_algorithms/projects/1
/dist/project_1//ssll/ssll.pdf, page6 used on input line 12.
(pdftex.def)             Requested size: 614.58406pt x 795.3441pt.
File: /home/pvnick/data_structures_and_algorithms/projects/1/dist/project_1//ss
ll/ssll.pdf Graphic file (type pdf)

<use /home/pvnick/data_structures_and_algorithms/projects/1/dist/project_1//ssl
l/ssll.pdf, page 6>
Package pdftex.def Info: /home/pvnick/data_structures_and_algorithms/projects/1
/dist/project_1//ssll/ssll.pdf, page6 used on input line 12.
(pdftex.def)             Requested size: 614.58406pt x 795.3441pt.
 [9 </home/pvnick/data_structures_and_algorithms/projects/1/dist/project_1//ssl
l/ssll.pdf>]
</home/pvnick/data_structures_and_algorithms/projects/1/dist/project_1//ssll/ss
ll.pdf, id=100, page=7, 614.295pt x 794.97pt>
File: /home/pvnick/data_structures_and_algorithms/projects/1/dist/project_1//ss
ll/ssll.pdf Graphic file (type pdf)

<use /home/pvnick/data_structures_and_algorithms/projects/1/dist/project_1//ssl
l/ssll.pdf, page 7>
Package pdftex.def Info: /home/pvnick/data_structures_and_algorithms/projects/1
/dist/project_1//ssll/ssll.pdf, page7 used on input line 12.
(pdftex.def)             Requested size: 614.58406pt x 795.3441pt.
File: /home/pvnick/data_structures_and_algorithms/projects/1/dist/project_1//ss
ll/ssll.pdf Graphic file (type pdf)

<use /home/pvnick/data_structures_and_algorithms/projects/1/dist/project_1//ssl
l/ssll.pdf, page 7>
Package pdftex.def Info: /home/pvnick/data_structures_and_algorithms/projects/1
/dist/project_1//ssll/ssll.pdf, page7 used on input line 12.
(pdftex.def)             Requested size: 614.58406pt x 795.3441pt.
File: /home/pvnick/data_structures_and_algorithms/projects/1/dist/project_1//ss
ll/ssll.pdf Graphic file (type pdf)

<use /home/pvnick/data_structures_and_algorithms/projects/1/dist/project_1//ssl
l/ssll.pdf, page 7>
Package pdftex.def Info: /home/pvnick/data_structures_and_algorithms/projects/1
/dist/project_1//ssll/ssll.pdf, page7 used on input line 12.
(pdftex.def)             Requested size: 614.58406pt x 795.3441pt.
 [10 </home/pvnick/data_structures_and_algorithms/projects/1/dist/project_1//ss
ll/ssll.pdf>]
</home/pvnick/data_structures_and_algorithms/projects/1/dist/project_1//ssll/so
urce/old_tests/testing_strategy_ssll.pdf, id=104, 614.295pt x 794.97pt>
File: /home/pvnick/data_structures_and_algorithms/projects/1/dist/project_1//ss
ll/source/old_tests/testing_strategy_ssll.pdf Graphic file (type pdf)

<use /home/pvnick/data_structures_and_algorithms/projects/1/dist/project_1//ssl
l/source/old_tests/testing_strategy_ssll.pdf>
Package pdftex.def Info: /home/pvnick/data_structures_and_algorithms/projects/1
/dist/project_1//ssll/source/old_tests/testing_strategy_ssll.pdf used on input 
line 13.
(pdftex.def)             Requested size: 614.29349pt x 794.96806pt.
File: /home/pvnick/data_structures_and_algorithms/projects/1/dist/project_1//ss
ll/source/old_tests/testing_strategy_ssll.pdf Graphic file (type pdf)

<use /home/pvnick/data_structures_and_algorithms/projects/1/dist/project_1//ssl
l/source/old_tests/testing_strategy_ssll.pdf>
Package pdftex.def Info: /home/pvnick/data_structures_and_algorithms/projects/1
/dist/project_1//ssll/source/old_tests/testing_strategy_ssll.pdf used on input 
line 13.
(pdftex.def)             Requested size: 614.29349pt x 794.96806pt.

</home/pvnick/data_structures_and_algorithms/projects/1/dist/project_1//ssll/so
urce/old_tests/testing_strategy_ssll.pdf, id=107, page=1, 614.295pt x 794.97pt>
File: /home/pvnick/data_structures_and_algorithms/projects/1/dist/project_1//ss
ll/source/old_tests/testing_strategy_ssll.pdf Graphic file (type pdf)

<use /home/pvnick/data_structures_and_algorithms/projects/1/dist/project_1//ssl
l/source/old_tests/testing_strategy_ssll.pdf, page 1>
Package pdftex.def Info: /home/pvnick/data_structures_and_algorithms/projects/1
/dist/project_1//ssll/source/old_tests/testing_strategy_ssll.pdf, page1 used on
 input line 13.
(pdftex.def)             Requested size: 614.29349pt x 794.96806pt.
File: /home/pvnick/data_structures_and_algorithms/projects/1/dist/project_1//ss
ll/source/old_tests/testing_strategy_ssll.pdf Graphic file (type pdf)

<use /home/pvnick/data_structures_and_algorithms/projects/1/dist/project_1//ssl
l/source/old_tests/testing_strategy_ssll.pdf, page 1>
Package pdftex.def Info: /home/pvnick/data_structures_and_algorithms/projects/1
/dist/project_1//ssll/source/old_tests/testing_strategy_ssll.pdf, page1 used on
 input line 13.
(pdftex.def)             Requested size: 614.58406pt x 795.3441pt.
File: /home/pvnick/data_structures_and_algorithms/projects/1/dist/project_1//ss
ll/source/old_tests/testing_strategy_ssll.pdf Graphic file (type pdf)

<use /home/pvnick/data_structures_and_algorithms/projects/1/dist/project_1//ssl
l/source/old_tests/testing_strategy_ssll.pdf, page 1>
Package pdftex.def Info: /home/pvnick/data_structures_and_algorithms/projects/1
/dist/project_1//ssll/source/old_tests/testing_strategy_ssll.pdf, page1 used on
 input line 13.
(pdftex.def)             Requested size: 614.58406pt x 795.3441pt.
File: /home/pvnick/data_structures_and_algorithms/projects/1/dist/project_1//ss
ll/source/old_tests/testing_strategy_ssll.pdf Graphic file (type pdf)

<use /home/pvnick/data_structures_and_algorithms/projects/1/dist/project_1//ssl
l/source/old_tests/testing_strategy_ssll.pdf, page 1>
Package pdftex.def Info: /home/pvnick/data_structures_and_algorithms/projects/1
/dist/project_1//ssll/source/old_tests/testing_strategy_ssll.pdf, page1 used on
 input line 13.
(pdftex.def)             Requested size: 614.58406pt x 795.3441pt.
File: /home/pvnick/data_structures_and_algorithms/projects/1/dist/project_1//ss
ll/source/old_tests/testing_strategy_ssll.pdf Graphic file (type pdf)

<use /home/pvnick/data_structures_and_algorithms/projects/1/dist/project_1//ssl
l/source/old_tests/testing_strategy_ssll.pdf, page 1>
Package pdftex.def Info: /home/pvnick/data_structures_and_algorithms/projects/1
/dist/project_1//ssll/source/old_tests/testing_strategy_ssll.pdf, page1 used on
 input line 13.
(pdftex.def)             Requested size: 614.58406pt x 795.3441pt.
 [11 </home/pvnick/data_structures_and_algorithms/projects/1/dist/project_1//ss
ll/source/old_tests/testing_strategy_ssll.pdf>] [12

]
</home/pvnick/data_structures_and_algorithms/projects/1/dist/project_1//psll/ps
ll.pdf, id=127, 614.295pt x 794.97pt>
File: /home/pvnick/data_structures_and_algorithms/projects/1/dist/project_1//ps
ll/psll.pdf Graphic file (type pdf)

<use /home/pvnick/data_structures_and_algorithms/projects/1/dist/project_1//psl
l/psll.pdf>
Package pdftex.def Info: /home/pvnick/data_structures_and_algorithms/projects/1
/dist/project_1//psll/psll.pdf used on input line 16.
(pdftex.def)             Requested size: 614.29349pt x 794.96806pt.
File: /home/pvnick/data_structures_and_algorithms/projects/1/dist/project_1//ps
ll/psll.pdf Graphic file (type pdf)

<use /home/pvnick/data_structures_and_algorithms/projects/1/dist/project_1//psl
l/psll.pdf>
Package pdftex.def Info: /home/pvnick/data_structures_and_algorithms/projects/1
/dist/project_1//psll/psll.pdf used on input line 16.
(pdftex.def)             Requested size: 614.29349pt x 794.96806pt.

</home/pvnick/data_structures_and_algorithms/projects/1/dist/project_1//psll/ps
ll.pdf, id=130, page=1, 614.295pt x 794.97pt>
File: /home/pvnick/data_structures_and_algorithms/projects/1/dist/project_1//ps
ll/psll.pdf Graphic file (type pdf)

<use /home/pvnick/data_structures_and_algorithms/projects/1/dist/project_1//psl
l/psll.pdf, page 1>
Package pdftex.def Info: /home/pvnick/data_structures_and_algorithms/projects/1
/dist/project_1//psll/psll.pdf, page1 used on input line 16.
(pdftex.def)             Requested size: 614.29349pt x 794.96806pt.
File: /home/pvnick/data_structures_and_algorithms/projects/1/dist/project_1//ps
ll/psll.pdf Graphic file (type pdf)

<use /home/pvnick/data_structures_and_algorithms/projects/1/dist/project_1//psl
l/psll.pdf, page 1>
Package pdftex.def Info: /home/pvnick/data_structures_and_algorithms/projects/1
/dist/project_1//psll/psll.pdf, page1 used on input line 16.
(pdftex.def)             Requested size: 614.58406pt x 795.3441pt.
File: /home/pvnick/data_structures_and_algorithms/projects/1/dist/project_1//ps
ll/psll.pdf Graphic file (type pdf)

<use /home/pvnick/data_structures_and_algorithms/projects/1/dist/project_1//psl
l/psll.pdf, page 1>
Package pdftex.def Info: /home/pvnick/data_structures_and_algorithms/projects/1
/dist/project_1//psll/psll.pdf, page1 used on input line 16.
(pdftex.def)             Requested size: 614.58406pt x 795.3441pt.
File: /home/pvnick/data_structures_and_algorithms/projects/1/dist/project_1//ps
ll/psll.pdf Graphic file (type pdf)

<use /home/pvnick/data_structures_and_algorithms/projects/1/dist/project_1//psl
l/psll.pdf, page 1>
Package pdftex.def Info: /home/pvnick/data_structures_and_algorithms/projects/1
/dist/project_1//psll/psll.pdf, page1 used on input line 16.
(pdftex.def)             Requested size: 614.58406pt x 795.3441pt.
File: /home/pvnick/data_structures_and_algorithms/projects/1/dist/project_1//ps
ll/psll.pdf Graphic file (type pdf)

<use /home/pvnick/data_structures_and_algorithms/projects/1/dist/project_1//psl
l/psll.pdf, page 1>
Package pdftex.def Info: /home/pvnick/data_structures_and_algorithms/projects/1
/dist/project_1//psll/psll.pdf, page1 used on input line 16.
(pdftex.def)             Requested size: 614.58406pt x 795.3441pt.
 [13

 </home/pvnick/data_structures_and_algorithms/projects/1/dist/project_1//psll/p
sll.pdf>]
</home/pvnick/data_structures_and_algorithms/projects/1/dist/project_1//psll/ps
ll.pdf, id=154, page=2, 614.295pt x 794.97pt>
File: /home/pvnick/data_structures_and_algorithms/projects/1/dist/project_1//ps
ll/psll.pdf Graphic file (type pdf)

<use /home/pvnick/data_structures_and_algorithms/projects/1/dist/project_1//psl
l/psll.pdf, page 2>
Package pdftex.def Info: /home/pvnick/data_structures_and_algorithms/projects/1
/dist/project_1//psll/psll.pdf, page2 used on input line 16.
(pdftex.def)             Requested size: 614.58406pt x 795.3441pt.
File: /home/pvnick/data_structures_and_algorithms/projects/1/dist/project_1//ps
ll/psll.pdf Graphic file (type pdf)

<use /home/pvnick/data_structures_and_algorithms/projects/1/dist/project_1//psl
l/psll.pdf, page 2>
Package pdftex.def Info: /home/pvnick/data_structures_and_algorithms/projects/1
/dist/project_1//psll/psll.pdf, page2 used on input line 16.
(pdftex.def)             Requested size: 614.58406pt x 795.3441pt.
File: /home/pvnick/data_structures_and_algorithms/projects/1/dist/project_1//ps
ll/psll.pdf Graphic file (type pdf)

<use /home/pvnick/data_structures_and_algorithms/projects/1/dist/project_1//psl
l/psll.pdf, page 2>
Package pdftex.def Info: /home/pvnick/data_structures_and_algorithms/projects/1
/dist/project_1//psll/psll.pdf, page2 used on input line 16.
(pdftex.def)             Requested size: 614.58406pt x 795.3441pt.
 [14 </home/pvnick/data_structures_and_algorithms/projects/1/dist/project_1//ps
ll/psll.pdf>]
</home/pvnick/data_structures_and_algorithms/projects/1/dist/project_1//psll/ps
ll.pdf, id=162, page=3, 614.295pt x 794.97pt>
File: /home/pvnick/data_structures_and_algorithms/projects/1/dist/project_1//ps
ll/psll.pdf Graphic file (type pdf)

<use /home/pvnick/data_structures_and_algorithms/projects/1/dist/project_1//psl
l/psll.pdf, page 3>
Package pdftex.def Info: /home/pvnick/data_structures_and_algorithms/projects/1
/dist/project_1//psll/psll.pdf, page3 used on input line 16.
(pdftex.def)             Requested size: 614.58406pt x 795.3441pt.
File: /home/pvnick/data_structures_and_algorithms/projects/1/dist/project_1//ps
ll/psll.pdf Graphic file (type pdf)

<use /home/pvnick/data_structures_and_algorithms/projects/1/dist/project_1//psl
l/psll.pdf, page 3>
Package pdftex.def Info: /home/pvnick/data_structures_and_algorithms/projects/1
/dist/project_1//psll/psll.pdf, page3 used on input line 16.
(pdftex.def)             Requested size: 614.58406pt x 795.3441pt.
File: /home/pvnick/data_structures_and_algorithms/projects/1/dist/project_1//ps
ll/psll.pdf Graphic file (type pdf)

<use /home/pvnick/data_structures_and_algorithms/projects/1/dist/project_1//psl
l/psll.pdf, page 3>
Package pdftex.def Info: /home/pvnick/data_structures_and_algorithms/projects/1
/dist/project_1//psll/psll.pdf, page3 used on input line 16.
(pdftex.def)             Requested size: 614.58406pt x 795.3441pt.
 [15 </home/pvnick/data_structures_and_algorithms/projects/1/dist/project_1//ps
ll/psll.pdf>]
</home/pvnick/data_structures_and_algorithms/projects/1/dist/project_1//psll/ps
ll.pdf, id=166, page=4, 614.295pt x 794.97pt>
File: /home/pvnick/data_structures_and_algorithms/projects/1/dist/project_1//ps
ll/psll.pdf Graphic file (type pdf)

<use /home/pvnick/data_structures_and_algorithms/projects/1/dist/project_1//psl
l/psll.pdf, page 4>
Package pdftex.def Info: /home/pvnick/data_structures_and_algorithms/projects/1
/dist/project_1//psll/psll.pdf, page4 used on input line 16.
(pdftex.def)             Requested size: 614.58406pt x 795.3441pt.
File: /home/pvnick/data_structures_and_algorithms/projects/1/dist/project_1//ps
ll/psll.pdf Graphic file (type pdf)

<use /home/pvnick/data_structures_and_algorithms/projects/1/dist/project_1//psl
l/psll.pdf, page 4>
Package pdftex.def Info: /home/pvnick/data_structures_and_algorithms/projects/1
/dist/project_1//psll/psll.pdf, page4 used on input line 16.
(pdftex.def)             Requested size: 614.58406pt x 795.3441pt.
File: /home/pvnick/data_structures_and_algorithms/projects/1/dist/project_1//ps
ll/psll.pdf Graphic file (type pdf)

<use /home/pvnick/data_structures_and_algorithms/projects/1/dist/project_1//psl
l/psll.pdf, page 4>
Package pdftex.def Info: /home/pvnick/data_structures_and_algorithms/projects/1
/dist/project_1//psll/psll.pdf, page4 used on input line 16.
(pdftex.def)             Requested size: 614.58406pt x 795.3441pt.
 [16 </home/pvnick/data_structures_and_algorithms/projects/1/dist/project_1//ps
ll/psll.pdf>]
</home/pvnick/data_structures_and_algorithms/projects/1/dist/project_1//psll/ps
ll.pdf, id=170, page=5, 614.295pt x 794.97pt>
File: /home/pvnick/data_structures_and_algorithms/projects/1/dist/project_1//ps
ll/psll.pdf Graphic file (type pdf)

<use /home/pvnick/data_structures_and_algorithms/projects/1/dist/project_1//psl
l/psll.pdf, page 5>
Package pdftex.def Info: /home/pvnick/data_structures_and_algorithms/projects/1
/dist/project_1//psll/psll.pdf, page5 used on input line 16.
(pdftex.def)             Requested size: 614.58406pt x 795.3441pt.
File: /home/pvnick/data_structures_and_algorithms/projects/1/dist/project_1//ps
ll/psll.pdf Graphic file (type pdf)

<use /home/pvnick/data_structures_and_algorithms/projects/1/dist/project_1//psl
l/psll.pdf, page 5>
Package pdftex.def Info: /home/pvnick/data_structures_and_algorithms/projects/1
/dist/project_1//psll/psll.pdf, page5 used on input line 16.
(pdftex.def)             Requested size: 614.58406pt x 795.3441pt.
File: /home/pvnick/data_structures_and_algorithms/projects/1/dist/project_1//ps
ll/psll.pdf Graphic file (type pdf)

<use /home/pvnick/data_structures_and_algorithms/projects/1/dist/project_1//psl
l/psll.pdf, page 5>
Package pdftex.def Info: /home/pvnick/data_structures_and_algorithms/projects/1
/dist/project_1//psll/psll.pdf, page5 used on input line 16.
(pdftex.def)             Requested size: 614.58406pt x 795.3441pt.
 [17 </home/pvnick/data_structures_and_algorithms/projects/1/dist/project_1//ps
ll/psll.pdf>]
</home/pvnick/data_structures_and_algorithms/projects/1/dist/project_1//psll/ps
ll.pdf, id=177, page=6, 614.295pt x 794.97pt>
File: /home/pvnick/data_structures_and_algorithms/projects/1/dist/project_1//ps
ll/psll.pdf Graphic file (type pdf)

<use /home/pvnick/data_structures_and_algorithms/projects/1/dist/project_1//psl
l/psll.pdf, page 6>
Package pdftex.def Info: /home/pvnick/data_structures_and_algorithms/projects/1
/dist/project_1//psll/psll.pdf, page6 used on input line 16.
(pdftex.def)             Requested size: 614.58406pt x 795.3441pt.
File: /home/pvnick/data_structures_and_algorithms/projects/1/dist/project_1//ps
ll/psll.pdf Graphic file (type pdf)

<use /home/pvnick/data_structures_and_algorithms/projects/1/dist/project_1//psl
l/psll.pdf, page 6>
Package pdftex.def Info: /home/pvnick/data_structures_and_algorithms/projects/1
/dist/project_1//psll/psll.pdf, page6 used on input line 16.
(pdftex.def)             Requested size: 614.58406pt x 795.3441pt.
File: /home/pvnick/data_structures_and_algorithms/projects/1/dist/project_1//ps
ll/psll.pdf Graphic file (type pdf)

<use /home/pvnick/data_structures_and_algorithms/projects/1/dist/project_1//psl
l/psll.pdf, page 6>
Package pdftex.def Info: /home/pvnick/data_structures_and_algorithms/projects/1
/dist/project_1//psll/psll.pdf, page6 used on input line 16.
(pdftex.def)             Requested size: 614.58406pt x 795.3441pt.
 [18 </home/pvnick/data_structures_and_algorithms/projects/1/dist/project_1//ps
ll/psll.pdf>]
</home/pvnick/data_structures_and_algorithms/projects/1/dist/project_1//psll/ps
ll.pdf, id=181, page=7, 614.295pt x 794.97pt>
File: /home/pvnick/data_structures_and_algorithms/projects/1/dist/project_1//ps
ll/psll.pdf Graphic file (type pdf)

<use /home/pvnick/data_structures_and_algorithms/projects/1/dist/project_1//psl
l/psll.pdf, page 7>
Package pdftex.def Info: /home/pvnick/data_structures_and_algorithms/projects/1
/dist/project_1//psll/psll.pdf, page7 used on input line 16.
(pdftex.def)             Requested size: 614.58406pt x 795.3441pt.
File: /home/pvnick/data_structures_and_algorithms/projects/1/dist/project_1//ps
ll/psll.pdf Graphic file (type pdf)

<use /home/pvnick/data_structures_and_algorithms/projects/1/dist/project_1//psl
l/psll.pdf, page 7>
Package pdftex.def Info: /home/pvnick/data_structures_and_algorithms/projects/1
/dist/project_1//psll/psll.pdf, page7 used on input line 16.
(pdftex.def)             Requested size: 614.58406pt x 795.3441pt.
File: /home/pvnick/data_structures_and_algorithms/projects/1/dist/project_1//ps
ll/psll.pdf Graphic file (type pdf)

<use /home/pvnick/data_structures_and_algorithms/projects/1/dist/project_1//psl
l/psll.pdf, page 7>
Package pdftex.def Info: /home/pvnick/data_structures_and_algorithms/projects/1
/dist/project_1//psll/psll.pdf, page7 used on input line 16.
(pdftex.def)             Requested size: 614.58406pt x 795.3441pt.
 [19 </home/pvnick/data_structures_and_algorithms/projects/1/dist/project_1//ps
ll/psll.pdf>]
</home/pvnick/data_structures_and_algorithms/projects/1/dist/project_1//psll/so
urce/old_tests/testing_strategy_psll.pdf, id=186, 614.295pt x 794.97pt>
File: /home/pvnick/data_structures_and_algorithms/projects/1/dist/project_1//ps
ll/source/old_tests/testing_strategy_psll.pdf Graphic file (type pdf)

<use /home/pvnick/data_structures_and_algorithms/projects/1/dist/project_1//psl
l/source/old_tests/testing_strategy_psll.pdf>
Package pdftex.def Info: /home/pvnick/data_structures_and_algorithms/projects/1
/dist/project_1//psll/source/old_tests/testing_strategy_psll.pdf used on input 
line 17.
(pdftex.def)             Requested size: 614.29349pt x 794.96806pt.
File: /home/pvnick/data_structures_and_algorithms/projects/1/dist/project_1//ps
ll/source/old_tests/testing_strategy_psll.pdf Graphic file (type pdf)

<use /home/pvnick/data_structures_and_algorithms/projects/1/dist/project_1//psl
l/source/old_tests/testing_strategy_psll.pdf>
Package pdftex.def Info: /home/pvnick/data_structures_and_algorithms/projects/1
/dist/project_1//psll/source/old_tests/testing_strategy_psll.pdf used on input 
line 17.
(pdftex.def)             Requested size: 614.29349pt x 794.96806pt.

</home/pvnick/data_structures_and_algorithms/projects/1/dist/project_1//psll/so
urce/old_tests/testing_strategy_psll.pdf, id=189, page=1, 614.295pt x 794.97pt>
File: /home/pvnick/data_structures_and_algorithms/projects/1/dist/project_1//ps
ll/source/old_tests/testing_strategy_psll.pdf Graphic file (type pdf)

<use /home/pvnick/data_structures_and_algorithms/projects/1/dist/project_1//psl
l/source/old_tests/testing_strategy_psll.pdf, page 1>
Package pdftex.def Info: /home/pvnick/data_structures_and_algorithms/projects/1
/dist/project_1//psll/source/old_tests/testing_strategy_psll.pdf, page1 used on
 input line 17.
(pdftex.def)             Requested size: 614.29349pt x 794.96806pt.
File: /home/pvnick/data_structures_and_algorithms/projects/1/dist/project_1//ps
ll/source/old_tests/testing_strategy_psll.pdf Graphic file (type pdf)

<use /home/pvnick/data_structures_and_algorithms/projects/1/dist/project_1//psl
l/source/old_tests/testing_strategy_psll.pdf, page 1>
Package pdftex.def Info: /home/pvnick/data_structures_and_algorithms/projects/1
/dist/project_1//psll/source/old_tests/testing_strategy_psll.pdf, page1 used on
 input line 17.
(pdftex.def)             Requested size: 614.58406pt x 795.3441pt.
File: /home/pvnick/data_structures_and_algorithms/projects/1/dist/project_1//ps
ll/source/old_tests/testing_strategy_psll.pdf Graphic file (type pdf)

<use /home/pvnick/data_structures_and_algorithms/projects/1/dist/project_1//psl
l/source/old_tests/testing_strategy_psll.pdf, page 1>
Package pdftex.def Info: /home/pvnick/data_structures_and_algorithms/projects/1
/dist/project_1//psll/source/old_tests/testing_strategy_psll.pdf, page1 used on
 input line 17.
(pdftex.def)             Requested size: 614.58406pt x 795.3441pt.
File: /home/pvnick/data_structures_and_algorithms/projects/1/dist/project_1//ps
ll/source/old_tests/testing_strategy_psll.pdf Graphic file (type pdf)

<use /home/pvnick/data_structures_and_algorithms/projects/1/dist/project_1//psl
l/source/old_tests/testing_strategy_psll.pdf, page 1>
Package pdftex.def Info: /home/pvnick/data_structures_and_algorithms/projects/1
/dist/project_1//psll/source/old_tests/testing_strategy_psll.pdf, page1 used on
 input line 17.
(pdftex.def)             Requested size: 614.58406pt x 795.3441pt.
File: /home/pvnick/data_structures_and_algorithms/projects/1/dist/project_1//ps
ll/source/old_tests/testing_strategy_psll.pdf Graphic file (type pdf)

<use /home/pvnick/data_structures_and_algorithms/projects/1/dist/project_1//psl
l/source/old_tests/testing_strategy_psll.pdf, page 1>
Package pdftex.def Info: /home/pvnick/data_structures_and_algorithms/projects/1
/dist/project_1//psll/source/old_tests/testing_strategy_psll.pdf, page1 used on
 input line 17.
(pdftex.def)             Requested size: 614.58406pt x 795.3441pt.
 [20 </home/pvnick/data_structures_and_algorithms/projects/1/dist/project_1//ps
ll/source/old_tests/testing_strategy_psll.pdf>] [21

]
</home/pvnick/data_structures_and_algorithms/projects/1/dist/project_1//sdal/sd
al.pdf, id=209, 614.295pt x 794.97pt>
File: /home/pvnick/data_structures_and_algorithms/projects/1/dist/project_1//sd
al/sdal.pdf Graphic file (type pdf)

<use /home/pvnick/data_structures_and_algorithms/projects/1/dist/project_1//sda
l/sdal.pdf>
Package pdftex.def Info: /home/pvnick/data_structures_and_algorithms/projects/1
/dist/project_1//sdal/sdal.pdf used on input line 20.
(pdftex.def)             Requested size: 614.29349pt x 794.96806pt.
File: /home/pvnick/data_structures_and_algorithms/projects/1/dist/project_1//sd
al/sdal.pdf Graphic file (type pdf)

<use /home/pvnick/data_structures_and_algorithms/projects/1/dist/project_1//sda
l/sdal.pdf>
Package pdftex.def Info: /home/pvnick/data_structures_and_algorithms/projects/1
/dist/project_1//sdal/sdal.pdf used on input line 20.
(pdftex.def)             Requested size: 614.29349pt x 794.96806pt.

</home/pvnick/data_structures_and_algorithms/projects/1/dist/project_1//sdal/sd
al.pdf, id=212, page=1, 614.295pt x 794.97pt>
File: /home/pvnick/data_structures_and_algorithms/projects/1/dist/project_1//sd
al/sdal.pdf Graphic file (type pdf)

<use /home/pvnick/data_structures_and_algorithms/projects/1/dist/project_1//sda
l/sdal.pdf, page 1>
Package pdftex.def Info: /home/pvnick/data_structures_and_algorithms/projects/1
/dist/project_1//sdal/sdal.pdf, page1 used on input line 20.
(pdftex.def)             Requested size: 614.29349pt x 794.96806pt.
File: /home/pvnick/data_structures_and_algorithms/projects/1/dist/project_1//sd
al/sdal.pdf Graphic file (type pdf)

<use /home/pvnick/data_structures_and_algorithms/projects/1/dist/project_1//sda
l/sdal.pdf, page 1>
Package pdftex.def Info: /home/pvnick/data_structures_and_algorithms/projects/1
/dist/project_1//sdal/sdal.pdf, page1 used on input line 20.
(pdftex.def)             Requested size: 614.58406pt x 795.3441pt.
File: /home/pvnick/data_structures_and_algorithms/projects/1/dist/project_1//sd
al/sdal.pdf Graphic file (type pdf)

<use /home/pvnick/data_structures_and_algorithms/projects/1/dist/project_1//sda
l/sdal.pdf, page 1>
Package pdftex.def Info: /home/pvnick/data_structures_and_algorithms/projects/1
/dist/project_1//sdal/sdal.pdf, page1 used on input line 20.
(pdftex.def)             Requested size: 614.58406pt x 795.3441pt.
File: /home/pvnick/data_structures_and_algorithms/projects/1/dist/project_1//sd
al/sdal.pdf Graphic file (type pdf)

<use /home/pvnick/data_structures_and_algorithms/projects/1/dist/project_1//sda
l/sdal.pdf, page 1>
Package pdftex.def Info: /home/pvnick/data_structures_and_algorithms/projects/1
/dist/project_1//sdal/sdal.pdf, page1 used on input line 20.
(pdftex.def)             Requested size: 614.58406pt x 795.3441pt.
File: /home/pvnick/data_structures_and_algorithms/projects/1/dist/project_1//sd
al/sdal.pdf Graphic file (type pdf)

<use /home/pvnick/data_structures_and_algorithms/projects/1/dist/project_1//sda
l/sdal.pdf, page 1>
Package pdftex.def Info: /home/pvnick/data_structures_and_algorithms/projects/1
/dist/project_1//sdal/sdal.pdf, page1 used on input line 20.
(pdftex.def)             Requested size: 614.58406pt x 795.3441pt.
 [22

 </home/pvnick/data_structures_and_algorithms/projects/1/dist/project_1//sdal/s
dal.pdf>]
</home/pvnick/data_structures_and_algorithms/projects/1/dist/project_1//sdal/sd
al.pdf, id=235, page=2, 614.295pt x 794.97pt>
File: /home/pvnick/data_structures_and_algorithms/projects/1/dist/project_1//sd
al/sdal.pdf Graphic file (type pdf)

<use /home/pvnick/data_structures_and_algorithms/projects/1/dist/project_1//sda
l/sdal.pdf, page 2>
Package pdftex.def Info: /home/pvnick/data_structures_and_algorithms/projects/1
/dist/project_1//sdal/sdal.pdf, page2 used on input line 20.
(pdftex.def)             Requested size: 614.58406pt x 795.3441pt.
File: /home/pvnick/data_structures_and_algorithms/projects/1/dist/project_1//sd
al/sdal.pdf Graphic file (type pdf)

<use /home/pvnick/data_structures_and_algorithms/projects/1/dist/project_1//sda
l/sdal.pdf, page 2>
Package pdftex.def Info: /home/pvnick/data_structures_and_algorithms/projects/1
/dist/project_1//sdal/sdal.pdf, page2 used on input line 20.
(pdftex.def)             Requested size: 614.58406pt x 795.3441pt.
File: /home/pvnick/data_structures_and_algorithms/projects/1/dist/project_1//sd
al/sdal.pdf Graphic file (type pdf)

<use /home/pvnick/data_structures_and_algorithms/projects/1/dist/project_1//sda
l/sdal.pdf, page 2>
Package pdftex.def Info: /home/pvnick/data_structures_and_algorithms/projects/1
/dist/project_1//sdal/sdal.pdf, page2 used on input line 20.
(pdftex.def)             Requested size: 614.58406pt x 795.3441pt.
 [23 </home/pvnick/data_structures_and_algorithms/projects/1/dist/project_1//sd
al/sdal.pdf>]
</home/pvnick/data_structures_and_algorithms/projects/1/dist/project_1//sdal/sd
al.pdf, id=242, page=3, 614.295pt x 794.97pt>
File: /home/pvnick/data_structures_and_algorithms/projects/1/dist/project_1//sd
al/sdal.pdf Graphic file (type pdf)

<use /home/pvnick/data_structures_and_algorithms/projects/1/dist/project_1//sda
l/sdal.pdf, page 3>
Package pdftex.def Info: /home/pvnick/data_structures_and_algorithms/projects/1
/dist/project_1//sdal/sdal.pdf, page3 used on input line 20.
(pdftex.def)             Requested size: 614.58406pt x 795.3441pt.
File: /home/pvnick/data_structures_and_algorithms/projects/1/dist/project_1//sd
al/sdal.pdf Graphic file (type pdf)

<use /home/pvnick/data_structures_and_algorithms/projects/1/dist/project_1//sda
l/sdal.pdf, page 3>
Package pdftex.def Info: /home/pvnick/data_structures_and_algorithms/projects/1
/dist/project_1//sdal/sdal.pdf, page3 used on input line 20.
(pdftex.def)             Requested size: 614.58406pt x 795.3441pt.
File: /home/pvnick/data_structures_and_algorithms/projects/1/dist/project_1//sd
al/sdal.pdf Graphic file (type pdf)

<use /home/pvnick/data_structures_and_algorithms/projects/1/dist/project_1//sda
l/sdal.pdf, page 3>
Package pdftex.def Info: /home/pvnick/data_structures_and_algorithms/projects/1
/dist/project_1//sdal/sdal.pdf, page3 used on input line 20.
(pdftex.def)             Requested size: 614.58406pt x 795.3441pt.
 [24 </home/pvnick/data_structures_and_algorithms/projects/1/dist/project_1//sd
al/sdal.pdf>]
</home/pvnick/data_structures_and_algorithms/projects/1/dist/project_1//sdal/sd
al.pdf, id=246, page=4, 614.295pt x 794.97pt>
File: /home/pvnick/data_structures_and_algorithms/projects/1/dist/project_1//sd
al/sdal.pdf Graphic file (type pdf)

<use /home/pvnick/data_structures_and_algorithms/projects/1/dist/project_1//sda
l/sdal.pdf, page 4>
Package pdftex.def Info: /home/pvnick/data_structures_and_algorithms/projects/1
/dist/project_1//sdal/sdal.pdf, page4 used on input line 20.
(pdftex.def)             Requested size: 614.58406pt x 795.3441pt.
File: /home/pvnick/data_structures_and_algorithms/projects/1/dist/project_1//sd
al/sdal.pdf Graphic file (type pdf)

<use /home/pvnick/data_structures_and_algorithms/projects/1/dist/project_1//sda
l/sdal.pdf, page 4>
Package pdftex.def Info: /home/pvnick/data_structures_and_algorithms/projects/1
/dist/project_1//sdal/sdal.pdf, page4 used on input line 20.
(pdftex.def)             Requested size: 614.58406pt x 795.3441pt.
File: /home/pvnick/data_structures_and_algorithms/projects/1/dist/project_1//sd
al/sdal.pdf Graphic file (type pdf)

<use /home/pvnick/data_structures_and_algorithms/projects/1/dist/project_1//sda
l/sdal.pdf, page 4>
Package pdftex.def Info: /home/pvnick/data_structures_and_algorithms/projects/1
/dist/project_1//sdal/sdal.pdf, page4 used on input line 20.
(pdftex.def)             Requested size: 614.58406pt x 795.3441pt.
 [25 </home/pvnick/data_structures_and_algorithms/projects/1/dist/project_1//sd
al/sdal.pdf>]
</home/pvnick/data_structures_and_algorithms/projects/1/dist/project_1//sdal/sd
al.pdf, id=251, page=5, 614.295pt x 794.97pt>
File: /home/pvnick/data_structures_and_algorithms/projects/1/dist/project_1//sd
al/sdal.pdf Graphic file (type pdf)

<use /home/pvnick/data_structures_and_algorithms/projects/1/dist/project_1//sda
l/sdal.pdf, page 5>
Package pdftex.def Info: /home/pvnick/data_structures_and_algorithms/projects/1
/dist/project_1//sdal/sdal.pdf, page5 used on input line 20.
(pdftex.def)             Requested size: 614.58406pt x 795.3441pt.
File: /home/pvnick/data_structures_and_algorithms/projects/1/dist/project_1//sd
al/sdal.pdf Graphic file (type pdf)

<use /home/pvnick/data_structures_and_algorithms/projects/1/dist/project_1//sda
l/sdal.pdf, page 5>
Package pdftex.def Info: /home/pvnick/data_structures_and_algorithms/projects/1
/dist/project_1//sdal/sdal.pdf, page5 used on input line 20.
(pdftex.def)             Requested size: 614.58406pt x 795.3441pt.
File: /home/pvnick/data_structures_and_algorithms/projects/1/dist/project_1//sd
al/sdal.pdf Graphic file (type pdf)

<use /home/pvnick/data_structures_and_algorithms/projects/1/dist/project_1//sda
l/sdal.pdf, page 5>
Package pdftex.def Info: /home/pvnick/data_structures_and_algorithms/projects/1
/dist/project_1//sdal/sdal.pdf, page5 used on input line 20.
(pdftex.def)             Requested size: 614.58406pt x 795.3441pt.
 [26 </home/pvnick/data_structures_and_algorithms/projects/1/dist/project_1//sd
al/sdal.pdf>]
</home/pvnick/data_structures_and_algorithms/projects/1/dist/project_1//sdal/sd
al.pdf, id=258, page=6, 614.295pt x 794.97pt>
File: /home/pvnick/data_structures_and_algorithms/projects/1/dist/project_1//sd
al/sdal.pdf Graphic file (type pdf)

<use /home/pvnick/data_structures_and_algorithms/projects/1/dist/project_1//sda
l/sdal.pdf, page 6>
Package pdftex.def Info: /home/pvnick/data_structures_and_algorithms/projects/1
/dist/project_1//sdal/sdal.pdf, page6 used on input line 20.
(pdftex.def)             Requested size: 614.58406pt x 795.3441pt.
File: /home/pvnick/data_structures_and_algorithms/projects/1/dist/project_1//sd
al/sdal.pdf Graphic file (type pdf)

<use /home/pvnick/data_structures_and_algorithms/projects/1/dist/project_1//sda
l/sdal.pdf, page 6>
Package pdftex.def Info: /home/pvnick/data_structures_and_algorithms/projects/1
/dist/project_1//sdal/sdal.pdf, page6 used on input line 20.
(pdftex.def)             Requested size: 614.58406pt x 795.3441pt.
File: /home/pvnick/data_structures_and_algorithms/projects/1/dist/project_1//sd
al/sdal.pdf Graphic file (type pdf)

<use /home/pvnick/data_structures_and_algorithms/projects/1/dist/project_1//sda
l/sdal.pdf, page 6>
Package pdftex.def Info: /home/pvnick/data_structures_and_algorithms/projects/1
/dist/project_1//sdal/sdal.pdf, page6 used on input line 20.
(pdftex.def)             Requested size: 614.58406pt x 795.3441pt.
 [27 </home/pvnick/data_structures_and_algorithms/projects/1/dist/project_1//sd
al/sdal.pdf>]
</home/pvnick/data_structures_and_algorithms/projects/1/dist/project_1//sdal/sd
al.pdf, id=262, page=7, 614.295pt x 794.97pt>
File: /home/pvnick/data_structures_and_algorithms/projects/1/dist/project_1//sd
al/sdal.pdf Graphic file (type pdf)

<use /home/pvnick/data_structures_and_algorithms/projects/1/dist/project_1//sda
l/sdal.pdf, page 7>
Package pdftex.def Info: /home/pvnick/data_structures_and_algorithms/projects/1
/dist/project_1//sdal/sdal.pdf, page7 used on input line 20.
(pdftex.def)             Requested size: 614.58406pt x 795.3441pt.
File: /home/pvnick/data_structures_and_algorithms/projects/1/dist/project_1//sd
al/sdal.pdf Graphic file (type pdf)

<use /home/pvnick/data_structures_and_algorithms/projects/1/dist/project_1//sda
l/sdal.pdf, page 7>
Package pdftex.def Info: /home/pvnick/data_structures_and_algorithms/projects/1
/dist/project_1//sdal/sdal.pdf, page7 used on input line 20.
(pdftex.def)             Requested size: 614.58406pt x 795.3441pt.
File: /home/pvnick/data_structures_and_algorithms/projects/1/dist/project_1//sd
al/sdal.pdf Graphic file (type pdf)

<use /home/pvnick/data_structures_and_algorithms/projects/1/dist/project_1//sda
l/sdal.pdf, page 7>
Package pdftex.def Info: /home/pvnick/data_structures_and_algorithms/projects/1
/dist/project_1//sdal/sdal.pdf, page7 used on input line 20.
(pdftex.def)             Requested size: 614.58406pt x 795.3441pt.
 [28 </home/pvnick/data_structures_and_algorithms/projects/1/dist/project_1//sd
al/sdal.pdf>]
</home/pvnick/data_structures_and_algorithms/projects/1/dist/project_1//sdal/so
urce/old_tests/testing_strategy_sdal.pdf, id=266, 614.295pt x 794.97pt>
File: /home/pvnick/data_structures_and_algorithms/projects/1/dist/project_1//sd
al/source/old_tests/testing_strategy_sdal.pdf Graphic file (type pdf)

<use /home/pvnick/data_structures_and_algorithms/projects/1/dist/project_1//sda
l/source/old_tests/testing_strategy_sdal.pdf>
Package pdftex.def Info: /home/pvnick/data_structures_and_algorithms/projects/1
/dist/project_1//sdal/source/old_tests/testing_strategy_sdal.pdf used on input 
line 21.
(pdftex.def)             Requested size: 614.29349pt x 794.96806pt.
File: /home/pvnick/data_structures_and_algorithms/projects/1/dist/project_1//sd
al/source/old_tests/testing_strategy_sdal.pdf Graphic file (type pdf)

<use /home/pvnick/data_structures_and_algorithms/projects/1/dist/project_1//sda
l/source/old_tests/testing_strategy_sdal.pdf>
Package pdftex.def Info: /home/pvnick/data_structures_and_algorithms/projects/1
/dist/project_1//sdal/source/old_tests/testing_strategy_sdal.pdf used on input 
line 21.
(pdftex.def)             Requested size: 614.29349pt x 794.96806pt.

</home/pvnick/data_structures_and_algorithms/projects/1/dist/project_1//sdal/so
urce/old_tests/testing_strategy_sdal.pdf, id=269, page=1, 614.295pt x 794.97pt>
File: /home/pvnick/data_structures_and_algorithms/projects/1/dist/project_1//sd
al/source/old_tests/testing_strategy_sdal.pdf Graphic file (type pdf)

<use /home/pvnick/data_structures_and_algorithms/projects/1/dist/project_1//sda
l/source/old_tests/testing_strategy_sdal.pdf, page 1>
Package pdftex.def Info: /home/pvnick/data_structures_and_algorithms/projects/1
/dist/project_1//sdal/source/old_tests/testing_strategy_sdal.pdf, page1 used on
 input line 21.
(pdftex.def)             Requested size: 614.29349pt x 794.96806pt.
File: /home/pvnick/data_structures_and_algorithms/projects/1/dist/project_1//sd
al/source/old_tests/testing_strategy_sdal.pdf Graphic file (type pdf)

<use /home/pvnick/data_structures_and_algorithms/projects/1/dist/project_1//sda
l/source/old_tests/testing_strategy_sdal.pdf, page 1>
Package pdftex.def Info: /home/pvnick/data_structures_and_algorithms/projects/1
/dist/project_1//sdal/source/old_tests/testing_strategy_sdal.pdf, page1 used on
 input line 21.
(pdftex.def)             Requested size: 614.58406pt x 795.3441pt.
File: /home/pvnick/data_structures_and_algorithms/projects/1/dist/project_1//sd
al/source/old_tests/testing_strategy_sdal.pdf Graphic file (type pdf)

<use /home/pvnick/data_structures_and_algorithms/projects/1/dist/project_1//sda
l/source/old_tests/testing_strategy_sdal.pdf, page 1>
Package pdftex.def Info: /home/pvnick/data_structures_and_algorithms/projects/1
/dist/project_1//sdal/source/old_tests/testing_strategy_sdal.pdf, page1 used on
 input line 21.
(pdftex.def)             Requested size: 614.58406pt x 795.3441pt.
File: /home/pvnick/data_structures_and_algorithms/projects/1/dist/project_1//sd
al/source/old_tests/testing_strategy_sdal.pdf Graphic file (type pdf)

<use /home/pvnick/data_structures_and_algorithms/projects/1/dist/project_1//sda
l/source/old_tests/testing_strategy_sdal.pdf, page 1>
Package pdftex.def Info: /home/pvnick/data_structures_and_algorithms/projects/1
/dist/project_1//sdal/source/old_tests/testing_strategy_sdal.pdf, page1 used on
 input line 21.
(pdftex.def)             Requested size: 614.58406pt x 795.3441pt.
File: /home/pvnick/data_structures_and_algorithms/projects/1/dist/project_1//sd
al/source/old_tests/testing_strategy_sdal.pdf Graphic file (type pdf)

<use /home/pvnick/data_structures_and_algorithms/projects/1/dist/project_1//sda
l/source/old_tests/testing_strategy_sdal.pdf, page 1>
Package pdftex.def Info: /home/pvnick/data_structures_and_algorithms/projects/1
/dist/project_1//sdal/source/old_tests/testing_strategy_sdal.pdf, page1 used on
 input line 21.
(pdftex.def)             Requested size: 614.58406pt x 795.3441pt.
 [29 </home/pvnick/data_structures_and_algorithms/projects/1/dist/project_1//sd
al/source/old_tests/testing_strategy_sdal.pdf>] [30

]
</home/pvnick/data_structures_and_algorithms/projects/1/dist/project_1//cdal/cd
al.pdf, id=289, 614.295pt x 794.97pt>
File: /home/pvnick/data_structures_and_algorithms/projects/1/dist/project_1//cd
al/cdal.pdf Graphic file (type pdf)

<use /home/pvnick/data_structures_and_algorithms/projects/1/dist/project_1//cda
l/cdal.pdf>
Package pdftex.def Info: /home/pvnick/data_structures_and_algorithms/projects/1
/dist/project_1//cdal/cdal.pdf used on input line 24.
(pdftex.def)             Requested size: 614.29349pt x 794.96806pt.
File: /home/pvnick/data_structures_and_algorithms/projects/1/dist/project_1//cd
al/cdal.pdf Graphic file (type pdf)

<use /home/pvnick/data_structures_and_algorithms/projects/1/dist/project_1//cda
l/cdal.pdf>
Package pdftex.def Info: /home/pvnick/data_structures_and_algorithms/projects/1
/dist/project_1//cdal/cdal.pdf used on input line 24.
(pdftex.def)             Requested size: 614.29349pt x 794.96806pt.

</home/pvnick/data_structures_and_algorithms/projects/1/dist/project_1//cdal/cd
al.pdf, id=292, page=1, 614.295pt x 794.97pt>
File: /home/pvnick/data_structures_and_algorithms/projects/1/dist/project_1//cd
al/cdal.pdf Graphic file (type pdf)

<use /home/pvnick/data_structures_and_algorithms/projects/1/dist/project_1//cda
l/cdal.pdf, page 1>
Package pdftex.def Info: /home/pvnick/data_structures_and_algorithms/projects/1
/dist/project_1//cdal/cdal.pdf, page1 used on input line 24.
(pdftex.def)             Requested size: 614.29349pt x 794.96806pt.
File: /home/pvnick/data_structures_and_algorithms/projects/1/dist/project_1//cd
al/cdal.pdf Graphic file (type pdf)

<use /home/pvnick/data_structures_and_algorithms/projects/1/dist/project_1//cda
l/cdal.pdf, page 1>
Package pdftex.def Info: /home/pvnick/data_structures_and_algorithms/projects/1
/dist/project_1//cdal/cdal.pdf, page1 used on input line 24.
(pdftex.def)             Requested size: 614.58406pt x 795.3441pt.
File: /home/pvnick/data_structures_and_algorithms/projects/1/dist/project_1//cd
al/cdal.pdf Graphic file (type pdf)

<use /home/pvnick/data_structures_and_algorithms/projects/1/dist/project_1//cda
l/cdal.pdf, page 1>
Package pdftex.def Info: /home/pvnick/data_structures_and_algorithms/projects/1
/dist/project_1//cdal/cdal.pdf, page1 used on input line 24.
(pdftex.def)             Requested size: 614.58406pt x 795.3441pt.
File: /home/pvnick/data_structures_and_algorithms/projects/1/dist/project_1//cd
al/cdal.pdf Graphic file (type pdf)

<use /home/pvnick/data_structures_and_algorithms/projects/1/dist/project_1//cda
l/cdal.pdf, page 1>
Package pdftex.def Info: /home/pvnick/data_structures_and_algorithms/projects/1
/dist/project_1//cdal/cdal.pdf, page1 used on input line 24.
(pdftex.def)             Requested size: 614.58406pt x 795.3441pt.
File: /home/pvnick/data_structures_and_algorithms/projects/1/dist/project_1//cd
al/cdal.pdf Graphic file (type pdf)

<use /home/pvnick/data_structures_and_algorithms/projects/1/dist/project_1//cda
l/cdal.pdf, page 1>
Package pdftex.def Info: /home/pvnick/data_structures_and_algorithms/projects/1
/dist/project_1//cdal/cdal.pdf, page1 used on input line 24.
(pdftex.def)             Requested size: 614.58406pt x 795.3441pt.
 [31

 </home/pvnick/data_structures_and_algorithms/projects/1/dist/project_1//cdal/c
dal.pdf>]
</home/pvnick/data_structures_and_algorithms/projects/1/dist/project_1//cdal/cd
al.pdf, id=317, page=2, 614.295pt x 794.97pt>
File: /home/pvnick/data_structures_and_algorithms/projects/1/dist/project_1//cd
al/cdal.pdf Graphic file (type pdf)

<use /home/pvnick/data_structures_and_algorithms/projects/1/dist/project_1//cda
l/cdal.pdf, page 2>
Package pdftex.def Info: /home/pvnick/data_structures_and_algorithms/projects/1
/dist/project_1//cdal/cdal.pdf, page2 used on input line 24.
(pdftex.def)             Requested size: 614.58406pt x 795.3441pt.
File: /home/pvnick/data_structures_and_algorithms/projects/1/dist/project_1//cd
al/cdal.pdf Graphic file (type pdf)

<use /home/pvnick/data_structures_and_algorithms/projects/1/dist/project_1//cda
l/cdal.pdf, page 2>
Package pdftex.def Info: /home/pvnick/data_structures_and_algorithms/projects/1
/dist/project_1//cdal/cdal.pdf, page2 used on input line 24.
(pdftex.def)             Requested size: 614.58406pt x 795.3441pt.
File: /home/pvnick/data_structures_and_algorithms/projects/1/dist/project_1//cd
al/cdal.pdf Graphic file (type pdf)

<use /home/pvnick/data_structures_and_algorithms/projects/1/dist/project_1//cda
l/cdal.pdf, page 2>
Package pdftex.def Info: /home/pvnick/data_structures_and_algorithms/projects/1
/dist/project_1//cdal/cdal.pdf, page2 used on input line 24.
(pdftex.def)             Requested size: 614.58406pt x 795.3441pt.
 [32 </home/pvnick/data_structures_and_algorithms/projects/1/dist/project_1//cd
al/cdal.pdf>]
</home/pvnick/data_structures_and_algorithms/projects/1/dist/project_1//cdal/cd
al.pdf, id=324, page=3, 614.295pt x 794.97pt>
File: /home/pvnick/data_structures_and_algorithms/projects/1/dist/project_1//cd
al/cdal.pdf Graphic file (type pdf)

<use /home/pvnick/data_structures_and_algorithms/projects/1/dist/project_1//cda
l/cdal.pdf, page 3>
Package pdftex.def Info: /home/pvnick/data_structures_and_algorithms/projects/1
/dist/project_1//cdal/cdal.pdf, page3 used on input line 24.
(pdftex.def)             Requested size: 614.58406pt x 795.3441pt.
File: /home/pvnick/data_structures_and_algorithms/projects/1/dist/project_1//cd
al/cdal.pdf Graphic file (type pdf)

<use /home/pvnick/data_structures_and_algorithms/projects/1/dist/project_1//cda
l/cdal.pdf, page 3>
Package pdftex.def Info: /home/pvnick/data_structures_and_algorithms/projects/1
/dist/project_1//cdal/cdal.pdf, page3 used on input line 24.
(pdftex.def)             Requested size: 614.58406pt x 795.3441pt.
File: /home/pvnick/data_structures_and_algorithms/projects/1/dist/project_1//cd
al/cdal.pdf Graphic file (type pdf)

<use /home/pvnick/data_structures_and_algorithms/projects/1/dist/project_1//cda
l/cdal.pdf, page 3>
Package pdftex.def Info: /home/pvnick/data_structures_and_algorithms/projects/1
/dist/project_1//cdal/cdal.pdf, page3 used on input line 24.
(pdftex.def)             Requested size: 614.58406pt x 795.3441pt.
 [33 </home/pvnick/data_structures_and_algorithms/projects/1/dist/project_1//cd
al/cdal.pdf>]
</home/pvnick/data_structures_and_algorithms/projects/1/dist/project_1//cdal/cd
al.pdf, id=328, page=4, 614.295pt x 794.97pt>
File: /home/pvnick/data_structures_and_algorithms/projects/1/dist/project_1//cd
al/cdal.pdf Graphic file (type pdf)

<use /home/pvnick/data_structures_and_algorithms/projects/1/dist/project_1//cda
l/cdal.pdf, page 4>
Package pdftex.def Info: /home/pvnick/data_structures_and_algorithms/projects/1
/dist/project_1//cdal/cdal.pdf, page4 used on input line 24.
(pdftex.def)             Requested size: 614.58406pt x 795.3441pt.
File: /home/pvnick/data_structures_and_algorithms/projects/1/dist/project_1//cd
al/cdal.pdf Graphic file (type pdf)

<use /home/pvnick/data_structures_and_algorithms/projects/1/dist/project_1//cda
l/cdal.pdf, page 4>
Package pdftex.def Info: /home/pvnick/data_structures_and_algorithms/projects/1
/dist/project_1//cdal/cdal.pdf, page4 used on input line 24.
(pdftex.def)             Requested size: 614.58406pt x 795.3441pt.
File: /home/pvnick/data_structures_and_algorithms/projects/1/dist/project_1//cd
al/cdal.pdf Graphic file (type pdf)

<use /home/pvnick/data_structures_and_algorithms/projects/1/dist/project_1//cda
l/cdal.pdf, page 4>
Package pdftex.def Info: /home/pvnick/data_structures_and_algorithms/projects/1
/dist/project_1//cdal/cdal.pdf, page4 used on input line 24.
(pdftex.def)             Requested size: 614.58406pt x 795.3441pt.
 [34 </home/pvnick/data_structures_and_algorithms/projects/1/dist/project_1//cd
al/cdal.pdf>]
</home/pvnick/data_structures_and_algorithms/projects/1/dist/project_1//cdal/cd
al.pdf, id=332, page=5, 614.295pt x 794.97pt>
File: /home/pvnick/data_structures_and_algorithms/projects/1/dist/project_1//cd
al/cdal.pdf Graphic file (type pdf)

<use /home/pvnick/data_structures_and_algorithms/projects/1/dist/project_1//cda
l/cdal.pdf, page 5>
Package pdftex.def Info: /home/pvnick/data_structures_and_algorithms/projects/1
/dist/project_1//cdal/cdal.pdf, page5 used on input line 24.
(pdftex.def)             Requested size: 614.58406pt x 795.3441pt.
File: /home/pvnick/data_structures_and_algorithms/projects/1/dist/project_1//cd
al/cdal.pdf Graphic file (type pdf)

<use /home/pvnick/data_structures_and_algorithms/projects/1/dist/project_1//cda
l/cdal.pdf, page 5>
Package pdftex.def Info: /home/pvnick/data_structures_and_algorithms/projects/1
/dist/project_1//cdal/cdal.pdf, page5 used on input line 24.
(pdftex.def)             Requested size: 614.58406pt x 795.3441pt.
File: /home/pvnick/data_structures_and_algorithms/projects/1/dist/project_1//cd
al/cdal.pdf Graphic file (type pdf)

<use /home/pvnick/data_structures_and_algorithms/projects/1/dist/project_1//cda
l/cdal.pdf, page 5>
Package pdftex.def Info: /home/pvnick/data_structures_and_algorithms/projects/1
/dist/project_1//cdal/cdal.pdf, page5 used on input line 24.
(pdftex.def)             Requested size: 614.58406pt x 795.3441pt.
 [35 </home/pvnick/data_structures_and_algorithms/projects/1/dist/project_1//cd
al/cdal.pdf>]
</home/pvnick/data_structures_and_algorithms/projects/1/dist/project_1//cdal/cd
al.pdf, id=339, page=6, 614.295pt x 794.97pt>
File: /home/pvnick/data_structures_and_algorithms/projects/1/dist/project_1//cd
al/cdal.pdf Graphic file (type pdf)

<use /home/pvnick/data_structures_and_algorithms/projects/1/dist/project_1//cda
l/cdal.pdf, page 6>
Package pdftex.def Info: /home/pvnick/data_structures_and_algorithms/projects/1
/dist/project_1//cdal/cdal.pdf, page6 used on input line 24.
(pdftex.def)             Requested size: 614.58406pt x 795.3441pt.
File: /home/pvnick/data_structures_and_algorithms/projects/1/dist/project_1//cd
al/cdal.pdf Graphic file (type pdf)

<use /home/pvnick/data_structures_and_algorithms/projects/1/dist/project_1//cda
l/cdal.pdf, page 6>
Package pdftex.def Info: /home/pvnick/data_structures_and_algorithms/projects/1
/dist/project_1//cdal/cdal.pdf, page6 used on input line 24.
(pdftex.def)             Requested size: 614.58406pt x 795.3441pt.
File: /home/pvnick/data_structures_and_algorithms/projects/1/dist/project_1//cd
al/cdal.pdf Graphic file (type pdf)

<use /home/pvnick/data_structures_and_algorithms/projects/1/dist/project_1//cda
l/cdal.pdf, page 6>
Package pdftex.def Info: /home/pvnick/data_structures_and_algorithms/projects/1
/dist/project_1//cdal/cdal.pdf, page6 used on input line 24.
(pdftex.def)             Requested size: 614.58406pt x 795.3441pt.
 [36 </home/pvnick/data_structures_and_algorithms/projects/1/dist/project_1//cd
al/cdal.pdf>]
</home/pvnick/data_structures_and_algorithms/projects/1/dist/project_1//cdal/cd
al.pdf, id=343, page=7, 614.295pt x 794.97pt>
File: /home/pvnick/data_structures_and_algorithms/projects/1/dist/project_1//cd
al/cdal.pdf Graphic file (type pdf)

<use /home/pvnick/data_structures_and_algorithms/projects/1/dist/project_1//cda
l/cdal.pdf, page 7>
Package pdftex.def Info: /home/pvnick/data_structures_and_algorithms/projects/1
/dist/project_1//cdal/cdal.pdf, page7 used on input line 24.
(pdftex.def)             Requested size: 614.58406pt x 795.3441pt.
File: /home/pvnick/data_structures_and_algorithms/projects/1/dist/project_1//cd
al/cdal.pdf Graphic file (type pdf)

<use /home/pvnick/data_structures_and_algorithms/projects/1/dist/project_1//cda
l/cdal.pdf, page 7>
Package pdftex.def Info: /home/pvnick/data_structures_and_algorithms/projects/1
/dist/project_1//cdal/cdal.pdf, page7 used on input line 24.
(pdftex.def)             Requested size: 614.58406pt x 795.3441pt.
File: /home/pvnick/data_structures_and_algorithms/projects/1/dist/project_1//cd
al/cdal.pdf Graphic file (type pdf)

<use /home/pvnick/data_structures_and_algorithms/projects/1/dist/project_1//cda
l/cdal.pdf, page 7>
Package pdftex.def Info: /home/pvnick/data_structures_and_algorithms/projects/1
/dist/project_1//cdal/cdal.pdf, page7 used on input line 24.
(pdftex.def)             Requested size: 614.58406pt x 795.3441pt.
 [37 </home/pvnick/data_structures_and_algorithms/projects/1/dist/project_1//cd
al/cdal.pdf>]
</home/pvnick/data_structures_and_algorithms/projects/1/dist/project_1//cdal/so
urce/old_tests/testing_strategy_cdal.pdf, id=348, 614.295pt x 794.97pt>
File: /home/pvnick/data_structures_and_algorithms/projects/1/dist/project_1//cd
al/source/old_tests/testing_strategy_cdal.pdf Graphic file (type pdf)

<use /home/pvnick/data_structures_and_algorithms/projects/1/dist/project_1//cda
l/source/old_tests/testing_strategy_cdal.pdf>
Package pdftex.def Info: /home/pvnick/data_structures_and_algorithms/projects/1
/dist/project_1//cdal/source/old_tests/testing_strategy_cdal.pdf used on input 
line 25.
(pdftex.def)             Requested size: 614.29349pt x 794.96806pt.
File: /home/pvnick/data_structures_and_algorithms/projects/1/dist/project_1//cd
al/source/old_tests/testing_strategy_cdal.pdf Graphic file (type pdf)

<use /home/pvnick/data_structures_and_algorithms/projects/1/dist/project_1//cda
l/source/old_tests/testing_strategy_cdal.pdf>
Package pdftex.def Info: /home/pvnick/data_structures_and_algorithms/projects/1
/dist/project_1//cdal/source/old_tests/testing_strategy_cdal.pdf used on input 
line 25.
(pdftex.def)             Requested size: 614.29349pt x 794.96806pt.

</home/pvnick/data_structures_and_algorithms/projects/1/dist/project_1//cdal/so
urce/old_tests/testing_strategy_cdal.pdf, id=351, page=1, 614.295pt x 794.97pt>
File: /home/pvnick/data_structures_and_algorithms/projects/1/dist/project_1//cd
al/source/old_tests/testing_strategy_cdal.pdf Graphic file (type pdf)

<use /home/pvnick/data_structures_and_algorithms/projects/1/dist/project_1//cda
l/source/old_tests/testing_strategy_cdal.pdf, page 1>
Package pdftex.def Info: /home/pvnick/data_structures_and_algorithms/projects/1
/dist/project_1//cdal/source/old_tests/testing_strategy_cdal.pdf, page1 used on
 input line 25.
(pdftex.def)             Requested size: 614.29349pt x 794.96806pt.
File: /home/pvnick/data_structures_and_algorithms/projects/1/dist/project_1//cd
al/source/old_tests/testing_strategy_cdal.pdf Graphic file (type pdf)

<use /home/pvnick/data_structures_and_algorithms/projects/1/dist/project_1//cda
l/source/old_tests/testing_strategy_cdal.pdf, page 1>
Package pdftex.def Info: /home/pvnick/data_structures_and_algorithms/projects/1
/dist/project_1//cdal/source/old_tests/testing_strategy_cdal.pdf, page1 used on
 input line 25.
(pdftex.def)             Requested size: 614.58406pt x 795.3441pt.
File: /home/pvnick/data_structures_and_algorithms/projects/1/dist/project_1//cd
al/source/old_tests/testing_strategy_cdal.pdf Graphic file (type pdf)

<use /home/pvnick/data_structures_and_algorithms/projects/1/dist/project_1//cda
l/source/old_tests/testing_strategy_cdal.pdf, page 1>
Package pdftex.def Info: /home/pvnick/data_structures_and_algorithms/projects/1
/dist/project_1//cdal/source/old_tests/testing_strategy_cdal.pdf, page1 used on
 input line 25.
(pdftex.def)             Requested size: 614.58406pt x 795.3441pt.
File: /home/pvnick/data_structures_and_algorithms/projects/1/dist/project_1//cd
al/source/old_tests/testing_strategy_cdal.pdf Graphic file (type pdf)

<use /home/pvnick/data_structures_and_algorithms/projects/1/dist/project_1//cda
l/source/old_tests/testing_strategy_cdal.pdf, page 1>
Package pdftex.def Info: /home/pvnick/data_structures_and_algorithms/projects/1
/dist/project_1//cdal/source/old_tests/testing_strategy_cdal.pdf, page1 used on
 input line 25.
(pdftex.def)             Requested size: 614.58406pt x 795.3441pt.
File: /home/pvnick/data_structures_and_algorithms/projects/1/dist/project_1//cd
al/source/old_tests/testing_strategy_cdal.pdf Graphic file (type pdf)

<use /home/pvnick/data_structures_and_algorithms/projects/1/dist/project_1//cda
l/source/old_tests/testing_strategy_cdal.pdf, page 1>
Package pdftex.def Info: /home/pvnick/data_structures_and_algorithms/projects/1
/dist/project_1//cdal/source/old_tests/testing_strategy_cdal.pdf, page1 used on
 input line 25.
(pdftex.def)             Requested size: 614.58406pt x 795.3441pt.
 [38 </home/pvnick/data_structures_and_algorithms/projects/1/dist/project_1//cd
al/source/old_tests/testing_strategy_cdal.pdf>] [39

]
File: /home/pvnick/data_structures_and_algorithms/projects/1/dist/project_1//ss
ll/checklist.txt  (verbatim)
 [40

] [41] [42] [43] [44]
(/home/pvnick/data_structures_and_algorithms/projects/1/dist/project_1//ssll/so
urce/SSLL.h [45

] [46] [47] [48] [49] [50]
Missing character: There is no  in font cmtt9!
Missing character: There is no  in font cmtt9!
Missing character: There is no  in font cmtt9!
Missing character: There is no  in font cmtt9!
Missing character: There is no  in font cmtt9!
Missing character: There is no  in font cmtt9!
 [51] [52]
Missing character: There is no  in font cmtt9!
Missing character: There is no  in font cmtt9!
Missing character: There is no  in font cmtt9!
Missing character: There is no  in font cmtt9!
Missing character: There is no  in font cmtt9!
Missing character: There is no  in font cmtt9!
 [53] [54]) [55] [56


]
File: /home/pvnick/data_structures_and_algorithms/projects/1/dist/project_1//ps
ll/checklist.txt  (verbatim)

[57

] [58] [59] [60] [61]
(/home/pvnick/data_structures_and_algorithms/projects/1/dist/project_1//psll/so
urce/PSLL.h [62

] [63] [64] [65] [66] [67]
Missing character: There is no  in font cmtt9!
Missing character: There is no  in font cmtt9!
Missing character: There is no  in font cmtt9!
Missing character: There is no  in font cmtt9!
Missing character: There is no  in font cmtt9!
Missing character: There is no  in font cmtt9!
 [68]
Missing character: There is no  in font cmtt9!
Missing character: There is no  in font cmtt9!
Missing character: There is no  in font cmtt9!
Missing character: There is no  in font cmtt9!
Missing character: There is no  in font cmtt9!
Missing character: There is no  in font cmtt9!
 [69] [70]) [71] [72


]
File: /home/pvnick/data_structures_and_algorithms/projects/1/dist/project_1//sd
al/checklist.txt  (verbatim)
 [73

]
[74] [75] [76] [77]
(/home/pvnick/data_structures_and_algorithms/projects/1/dist/project_1//sdal/so
urce/SDAL.h [78

]
Missing character: There is no  in font cmtt9!
Missing character: There is no  in font cmtt9!
Missing character: There is no  in font cmtt9!
 [79] [80] [81] [82]
Missing character: There is no  in font cmtt9!
Missing character: There is no  in font cmtt9!
Missing character: There is no  in font cmtt9!
Missing character: There is no  in font cmtt9!
Missing character: There is no  in font cmtt9!
Missing character: There is no  in font cmtt9!
 [83]
Missing character: There is no  in font cmtt9!
Missing character: There is no  in font cmtt9!
Missing character: There is no  in font cmtt9!
Missing character: There is no  in font cmtt9!
Missing character: There is no  in font cmtt9!
Missing character: There is no  in font cmtt9!
 [84] [85]) [86] [87


]
File: /home/pvnick/data_structures_and_algorithms/projects/1/dist/project_1//cd
al/checklist.txt  (verbatim)
 [88

] [89]
[90] [91] [92]
(/home/pvnick/data_structures_and_algorithms/projects/1/dist/project_1//cdal/so
urce/CDAL.h [93

] [94] [95] [96] [97] [98]
Missing character: There is no  in font cmtt9!
Missing character: There is no  in font cmtt9!
Missing character: There is no  in font cmtt9!
Missing character: There is no  in font cmtt9!
Missing character: There is no  in font cmtt9!
Missing character: There is no  in font cmtt9!
 [99] [100]
Missing character: There is no  in font cmtt9!
Missing character: There is no  in font cmtt9!
Missing character: There is no  in font cmtt9!
Missing character: There is no  in font cmtt9!
Missing character: There is no  in font cmtt9!
Missing character: There is no  in font cmtt9!
 [101] [102]) [103]
(./physical_deliverable_compiled.aux) ) 
Here is how much of TeX's memory you used:
 6622 strings out of 495028
 112768 string characters out of 6181497
 242318 words of memory out of 5000000
 9708 multiletter control sequences out of 15000+600000
 7914 words of font info for 29 fonts, out of 8000000 for 9000
 14 hyphenation exceptions out of 8191
 42i,18n,60p,407b,1631s stack positions out of 5000i,500n,10000p,200000b,80000s
</usr/share/texlive/texmf-dist/fonts/typ
e1/public/amsfonts/cm/cmbx12.pfb></usr/share/texlive/texmf-dist/fonts/type1/pub
lic/amsfonts/cm/cmr10.pfb></usr/share/texlive/texmf-dist/fonts/type1/public/ams
fonts/cm/cmr12.pfb></usr/share/texlive/texmf-dist/fonts/type1/public/amsfonts/c
m/cmr17.pfb></usr/share/texlive/texmf-dist/fonts/type1/public/amsfonts/cm/cmr5.
pfb></usr/share/texlive/texmf-dist/fonts/type1/public/amsfonts/cm/cmtt10.pfb></
usr/share/texlive/texmf-dist/fonts/type1/public/amsfonts/cm/cmtt9.pfb></usr/sha
re/texmf/fonts/type1/public/lm/lmbx10.pfb></usr/share/texmf/fonts/type1/public/
lm/lmbx12.pfb></usr/share/texmf/fonts/type1/public/lm/lmmi12.pfb></usr/share/te
xmf/fonts/type1/public/lm/lmr10.pfb></usr/share/texmf/fonts/type1/public/lm/lmr
12.pfb></usr/share/texmf/fonts/type1/public/lm/lmr17.pfb></usr/share/texmf/font
s/type1/public/lm/lmri10.pfb>
Output written on physical_deliverable_compiled.pdf (103 pages, 350242 bytes).
PDF statistics:
 613 PDF objects out of 1000 (max. 8388607)
 429 compressed objects within 5 object streams
 0 named destinations out of 1000 (max. 500000)
 301 words of extra memory for PDF output out of 10000 (max. 10000000)

